Using pre-set license
Built from '2020.3/staging' branch; Version is '2020.3.32f1 (12f8b0834f07) revision 1243312'; Using compiler version '192528614'; Build Type 'Release'
OS: 'Windows 10  (10.0.19044) 64bit Core' Language: 'ko' Physical Memory: 16303 MB
BatchMode: 1, IsHumanControllingUs: 0, StartBugReporterOnCrash: 0, Is64bit: 1, IsPro: 0

COMMAND LINE ARGUMENTS:
C:\Program Files\Unity\Hub\Editor\2020.3.32f1\Editor\Unity.exe
-adb2
-batchMode
-noUpm
-name
AssetImportWorker0
-projectPath
C:/EngineSuHang/New Unity Project
-logFile
Logs/AssetImportWorker0.log
-srvPort
7626
Successfully changed project path to: C:/EngineSuHang/New Unity Project
C:/EngineSuHang/New Unity Project
Using Asset Import Pipeline V2.
Refreshing native plugins compatible for Editor in 34.24 ms, found 2 plugins.
Preloading 0 native plugins for Editor in 0.00 ms.
Initialize engine version: 2020.3.32f1 (12f8b0834f07)
[Subsystems] Discovering subsystems at path C:/Program Files/Unity/Hub/Editor/2020.3.32f1/Editor/Data/Resources/UnitySubsystems
[Subsystems] Discovering subsystems at path C:/EngineSuHang/New Unity Project/Assets
GfxDevice: creating device client; threaded=0
Direct3D:
    Version:  Direct3D 11.0 [level 11.1]
    Renderer: NVIDIA GeForce RTX 2060 (ID=0x1f51)
    Vendor:   
    VRAM:     5980 MB
    Driver:   30.0.15.1296
Initialize mono
Mono path[0] = 'C:/Program Files/Unity/Hub/Editor/2020.3.32f1/Editor/Data/Managed'
Mono path[1] = 'C:/Program Files/Unity/Hub/Editor/2020.3.32f1/Editor/Data/MonoBleedingEdge/lib/mono/unityjit'
Mono config path = 'C:/Program Files/Unity/Hub/Editor/2020.3.32f1/Editor/Data/MonoBleedingEdge/etc'
Using monoOptions --debugger-agent=transport=dt_socket,embedding=1,server=y,suspend=n,address=127.0.0.1:56212
Begin MonoManager ReloadAssembly
Registering precompiled unity dll's ...
Register platform support module: C:/Program Files/Unity/Hub/Editor/2020.3.32f1/Editor/Data/PlaybackEngines/WindowsStandaloneSupport/UnityEditor.WindowsStandalone.Extensions.dll
Registered in 0.002166 seconds.
Native extension for WindowsStandalone target not found
Refreshing native plugins compatible for Editor in 30.32 ms, found 2 plugins.
Preloading 0 native plugins for Editor in 0.00 ms.
Mono: successfully reloaded assembly
- Completed reload, in  0.587 seconds
Domain Reload Profiling:
	ReloadAssembly (587ms)
		BeginReloadAssembly (66ms)
			ExecutionOrderSort (0ms)
			DisableScriptedObjects (0ms)
			BackupInstance (0ms)
			ReleaseScriptingObjects (0ms)
			CreateAndSetChildDomain (1ms)
		EndReloadAssembly (447ms)
			LoadAssemblies (63ms)
			RebuildTransferFunctionScriptingTraits (0ms)
			SetupTypeCache (142ms)
			ReleaseScriptCaches (0ms)
			RebuildScriptCaches (34ms)
			SetupLoadedEditorAssemblies (166ms)
				LogAssemblyErrors (0ms)
				InitializePlatformSupportModulesInManaged (5ms)
				SetLoadedEditorAssemblies (0ms)
				RefreshPlugins (30ms)
				BeforeProcessingInitializeOnLoad (19ms)
				ProcessInitializeOnLoadAttributes (81ms)
				ProcessInitializeOnLoadMethodAttributes (30ms)
				AfterProcessingInitializeOnLoad (0ms)
				EditorAssembliesLoaded (0ms)
			ExecutionOrderSort2 (0ms)
			AwakeInstancesAfterBackupRestoration (0ms)
Platform modules already initialized, skipping
Registering precompiled user dll's ...
Registered in 0.003003 seconds.
Begin MonoManager ReloadAssembly
Native extension for WindowsStandalone target not found
Refreshing native plugins compatible for Editor in 0.32 ms, found 2 plugins.
Preloading 0 native plugins for Editor in 0.00 ms.
Mono: successfully reloaded assembly
- Completed reload, in  0.997 seconds
Domain Reload Profiling:
	ReloadAssembly (998ms)
		BeginReloadAssembly (149ms)
			ExecutionOrderSort (0ms)
			DisableScriptedObjects (5ms)
			BackupInstance (0ms)
			ReleaseScriptingObjects (0ms)
			CreateAndSetChildDomain (18ms)
		EndReloadAssembly (788ms)
			LoadAssemblies (91ms)
			RebuildTransferFunctionScriptingTraits (0ms)
			SetupTypeCache (260ms)
			ReleaseScriptCaches (0ms)
			RebuildScriptCaches (49ms)
			SetupLoadedEditorAssemblies (307ms)
				LogAssemblyErrors (0ms)
				InitializePlatformSupportModulesInManaged (5ms)
				SetLoadedEditorAssemblies (0ms)
				RefreshPlugins (0ms)
				BeforeProcessingInitializeOnLoad (81ms)
				ProcessInitializeOnLoadAttributes (203ms)
				ProcessInitializeOnLoadMethodAttributes (10ms)
				AfterProcessingInitializeOnLoad (7ms)
				EditorAssembliesLoaded (0ms)
			ExecutionOrderSort2 (0ms)
			AwakeInstancesAfterBackupRestoration (7ms)
Platform modules already initialized, skipping
========================================================================
Worker process is ready to serve import requests
Launched and connected shader compiler UnityShaderCompiler.exe after 0.08 seconds
Refreshing native plugins compatible for Editor in 0.32 ms, found 2 plugins.
Preloading 0 native plugins for Editor in 0.00 ms.
Unloading 1577 Unused Serialized files (Serialized files now loaded: 0)
System memory in use before: 74.1 MB.
System memory in use after: 74.2 MB.

Unloading 16 unused Assets to reduce memory usage. Loaded Objects now: 2013.
Total: 2.650600 ms (FindLiveObjects: 0.122900 ms CreateObjectMapping: 0.041700 ms MarkObjects: 2.426400 ms  DeleteObjects: 0.059000 ms)

AssetImportParameters requested are different than current active one (requested -> active):
  custom:framework-win-MediaFoundation: 216162199b28c13a410421893ffa2e32 -> 
  custom:video-decoder-ogg-theora: a1e56fd34408186e4bbccfd4996cb3dc -> 
  custom:container-muxer-webm: aa71ff27fc2769a1b78a27578f13a17b -> 
  custom:container-demuxer-webm: 4f35f7cbe854078d1ac9338744f61a02 -> 
  custom:container-demuxer-ogg: 62fdf1f143b41e24485cea50d1cbac27 -> 
  custom:video-encoder-webm-vp8: eb34c28f22e8b96e1ab97ce403110664 -> 
  custom:video-decoder-webm-vp8: 9c59270c3fd7afecdb556c50c9e8de78 -> 
  custom:audio-decoder-ogg-vorbis: bf7c407c2cedff20999df2af8eb42d56 -> 
  custom:audio-encoder-webm-vorbis: bf7c407c2cedff20999df2af8eb42d56 -> 
========================================================================
Received Import Request.
  path: Assets/ExplosiveLLC/RPG Character Mecanim Animation Pack FREE/Animations/Unarmed/RPG-Character@Unarmed-Run-Forward-Left.FBX
  artifactKey: Guid(67e46c627b0dc094981ffd97753ea72a) Importer(815301076,1909f56bfc062723c751e8b465ee728b)
Start importing Assets/ExplosiveLLC/RPG Character Mecanim Animation Pack FREE/Animations/Unarmed/RPG-Character@Unarmed-Run-Forward-Left.FBX using Guid(67e46c627b0dc094981ffd97753ea72a) Importer(815301076,1909f56bfc062723c751e8b465ee728b)  -> (artifact id: 'f09fcf84a013b67201dd8e2e7a133c1a') in 0.062970 seconds 
========================================================================
Received Import Request.
  Time since last request: 0.000278 seconds.
  path: Assets/ExplosiveLLC/RPG Character Mecanim Animation Pack FREE/Animations/Unarmed/RPG-Character@Unarmed-Run-Left.FBX
  artifactKey: Guid(34cf87f11bbc57c4b9b73fdd5fa93281) Importer(815301076,1909f56bfc062723c751e8b465ee728b)
Start importing Assets/ExplosiveLLC/RPG Character Mecanim Animation Pack FREE/Animations/Unarmed/RPG-Character@Unarmed-Run-Left.FBX using Guid(34cf87f11bbc57c4b9b73fdd5fa93281) Importer(815301076,1909f56bfc062723c751e8b465ee728b)  -> (artifact id: 'bc61c07768c513853a93d7876c64ec66') in 0.012721 seconds 
========================================================================
Received Import Request.
  Time since last request: 0.000272 seconds.
  path: Assets/ExplosiveLLC/RPG Character Mecanim Animation Pack FREE/Animations/Unarmed/RPG-Character@Unarmed-Run-Right.FBX
  artifactKey: Guid(a76b11de25f4d4e4ab91d27f3603c7e7) Importer(815301076,1909f56bfc062723c751e8b465ee728b)
Start importing Assets/ExplosiveLLC/RPG Character Mecanim Animation Pack FREE/Animations/Unarmed/RPG-Character@Unarmed-Run-Right.FBX using Guid(a76b11de25f4d4e4ab91d27f3603c7e7) Importer(815301076,1909f56bfc062723c751e8b465ee728b)  -> (artifact id: 'd2746a5d2c009627ead7ca189310631b') in 0.011880 seconds 
========================================================================
Received Import Request.
  Time since last request: 0.000295 seconds.
  path: Assets/ExplosiveLLC/RPG Character Mecanim Animation Pack FREE/Animations/Unarmed/RPG-Character@Unarmed-Stunned.FBX
  artifactKey: Guid(5b3833fc8bf3c7d4eb21a48c14ead54b) Importer(815301076,1909f56bfc062723c751e8b465ee728b)
Start importing Assets/ExplosiveLLC/RPG Character Mecanim Animation Pack FREE/Animations/Unarmed/RPG-Character@Unarmed-Stunned.FBX using Guid(5b3833fc8bf3c7d4eb21a48c14ead54b) Importer(815301076,1909f56bfc062723c751e8b465ee728b)  -> (artifact id: 'fb9fdc1aeedfcdc19dd358c75ddd6679') in 0.013912 seconds 
========================================================================
Received Import Request.
  Time since last request: 0.000214 seconds.
  path: Assets/ExplosiveLLC/RPG Character Mecanim Animation Pack FREE/Animations/Unarmed/RPG-Character@Unarmed-Run-Backward-Right.FBX
  artifactKey: Guid(c3db31be38cd2444c8b58d3cde31e70e) Importer(815301076,1909f56bfc062723c751e8b465ee728b)
Start importing Assets/ExplosiveLLC/RPG Character Mecanim Animation Pack FREE/Animations/Unarmed/RPG-Character@Unarmed-Run-Backward-Right.FBX using Guid(c3db31be38cd2444c8b58d3cde31e70e) Importer(815301076,1909f56bfc062723c751e8b465ee728b)  -> (artifact id: '7fed6cd330cff72c3481ffa740804002') in 0.011512 seconds 
========================================================================
Received Import Request.
  Time since last request: 0.000235 seconds.
  path: Assets/ExplosiveLLC/RPG Character Mecanim Animation Pack FREE/Animations/Unarmed/RPG-Character@Unarmed-Strafe-Backward-Right.FBX
  artifactKey: Guid(7cb280337cb0fdd4399af55c6ab24dc7) Importer(815301076,1909f56bfc062723c751e8b465ee728b)
Start importing Assets/ExplosiveLLC/RPG Character Mecanim Animation Pack FREE/Animations/Unarmed/RPG-Character@Unarmed-Strafe-Backward-Right.FBX using Guid(7cb280337cb0fdd4399af55c6ab24dc7) Importer(815301076,1909f56bfc062723c751e8b465ee728b)  -> (artifact id: 'f5ff35dbaf0fe470dd94117d980420b4') in 0.012766 seconds 
========================================================================
Received Import Request.
  Time since last request: 0.000218 seconds.
  path: Assets/ExplosiveLLC/RPG Character Mecanim Animation Pack FREE/Animations/Unarmed/RPG-Character@Unarmed-Strafe-Forward-Right.FBX
  artifactKey: Guid(35ea729f36e02794d8cf0b418642050a) Importer(815301076,1909f56bfc062723c751e8b465ee728b)
Start importing Assets/ExplosiveLLC/RPG Character Mecanim Animation Pack FREE/Animations/Unarmed/RPG-Character@Unarmed-Strafe-Forward-Right.FBX using Guid(35ea729f36e02794d8cf0b418642050a) Importer(815301076,1909f56bfc062723c751e8b465ee728b)  -> (artifact id: 'e075024db564ab953761831f8c787b2b') in 0.013209 seconds 
========================================================================
Received Import Request.
  Time since last request: 0.000312 seconds.
  path: Assets/ExplosiveLLC/RPG Character Mecanim Animation Pack FREE/Animations/Unarmed/RPG-Character@Unarmed-Strafe-Right.FBX
  artifactKey: Guid(6cbfc0656c630a3449739ce9ddffed2f) Importer(815301076,1909f56bfc062723c751e8b465ee728b)
Start importing Assets/ExplosiveLLC/RPG Character Mecanim Animation Pack FREE/Animations/Unarmed/RPG-Character@Unarmed-Strafe-Right.FBX using Guid(6cbfc0656c630a3449739ce9ddffed2f) Importer(815301076,1909f56bfc062723c751e8b465ee728b)  -> (artifact id: '85710086c75baa545ca9735493f07eff') in 0.012385 seconds 
========================================================================
Received Import Request.
  Time since last request: 0.000230 seconds.
  path: Assets/ExplosiveLLC/RPG Character Mecanim Animation Pack FREE/Animations/Unarmed/RPG-Character@Unarmed-Strafe-Left.FBX
  artifactKey: Guid(af2453d50b96fc949891d7b278aaf733) Importer(815301076,1909f56bfc062723c751e8b465ee728b)
Start importing Assets/ExplosiveLLC/RPG Character Mecanim Animation Pack FREE/Animations/Unarmed/RPG-Character@Unarmed-Strafe-Left.FBX using Guid(af2453d50b96fc949891d7b278aaf733) Importer(815301076,1909f56bfc062723c751e8b465ee728b)  -> (artifact id: 'efe172ea221bef92d4f2219ba5e0fcb0') in 0.011420 seconds 
========================================================================
Received Import Request.
  Time since last request: 0.000161 seconds.
  path: Assets/ExplosiveLLC/RPG Character Mecanim Animation Pack FREE/Animations/Unarmed/RPG-Character@Unarmed-Run-Forward-Right.FBX
  artifactKey: Guid(e33349a8bcfb33d45b046fd471f11e59) Importer(815301076,1909f56bfc062723c751e8b465ee728b)
Start importing Assets/ExplosiveLLC/RPG Character Mecanim Animation Pack FREE/Animations/Unarmed/RPG-Character@Unarmed-Run-Forward-Right.FBX using Guid(e33349a8bcfb33d45b046fd471f11e59) Importer(815301076,1909f56bfc062723c751e8b465ee728b)  -> (artifact id: '545a9f02a6ef167621c5fee8df8f18f1') in 0.011851 seconds 
========================================================================
Received Import Request.
  Time since last request: 0.000194 seconds.
  path: Assets/ExplosiveLLC/RPG Character Mecanim Animation Pack FREE/Animations/Unarmed/RPG-Character@Unarmed-Run-Forward-Attack1-Left.FBX
  artifactKey: Guid(fb6818b2294f46247ac001184ec52c03) Importer(815301076,1909f56bfc062723c751e8b465ee728b)
Start importing Assets/ExplosiveLLC/RPG Character Mecanim Animation Pack FREE/Animations/Unarmed/RPG-Character@Unarmed-Run-Forward-Attack1-Left.FBX using Guid(fb6818b2294f46247ac001184ec52c03) Importer(815301076,1909f56bfc062723c751e8b465ee728b)  -> (artifact id: '23d0069a40f2a833a50dd5d4d0c671ae') in 0.011547 seconds 
========================================================================
Received Import Request.
  Time since last request: 0.000248 seconds.
  path: Assets/ExplosiveLLC/RPG Character Mecanim Animation Pack FREE/Animations/Unarmed/RPG-Character@Unarmed-Strafe-Forward-Left.FBX
  artifactKey: Guid(443693849a2f4e741afac059a470e10e) Importer(815301076,1909f56bfc062723c751e8b465ee728b)
Start importing Assets/ExplosiveLLC/RPG Character Mecanim Animation Pack FREE/Animations/Unarmed/RPG-Character@Unarmed-Strafe-Forward-Left.FBX using Guid(443693849a2f4e741afac059a470e10e) Importer(815301076,1909f56bfc062723c751e8b465ee728b)  -> (artifact id: '323fcf97fc7758287d08dcd146c1dda6') in 0.012504 seconds 
========================================================================
Received Import Request.
  Time since last request: 0.000201 seconds.
  path: Assets/ExplosiveLLC/RPG Character Mecanim Animation Pack FREE/Animations/Unarmed/RPG-Character@Unarmed-Strafe-Backward.FBX
  artifactKey: Guid(e3ce9218d72c10841bbd95cd901792d4) Importer(815301076,1909f56bfc062723c751e8b465ee728b)
Start importing Assets/ExplosiveLLC/RPG Character Mecanim Animation Pack FREE/Animations/Unarmed/RPG-Character@Unarmed-Strafe-Backward.FBX using Guid(e3ce9218d72c10841bbd95cd901792d4) Importer(815301076,1909f56bfc062723c751e8b465ee728b)  -> (artifact id: '7b45e4ef9df3e962c002400a702a2c4d') in 0.011318 seconds 
========================================================================
Received Import Request.
  Time since last request: 0.000210 seconds.
  path: Assets/ExplosiveLLC/RPG Character Mecanim Animation Pack FREE/Animations/Unarmed/RPG-Character@Unarmed-Run-Forward.FBX
  artifactKey: Guid(a7e98d51bd73b0348b47acf6a9f02766) Importer(815301076,1909f56bfc062723c751e8b465ee728b)
Start importing Assets/ExplosiveLLC/RPG Character Mecanim Animation Pack FREE/Animations/Unarmed/RPG-Character@Unarmed-Run-Forward.FBX using Guid(a7e98d51bd73b0348b47acf6a9f02766) Importer(815301076,1909f56bfc062723c751e8b465ee728b)  -> (artifact id: 'd16218894f9ac6b14e54bcdf22a5ac3b') in 0.010619 seconds 
========================================================================
Received Import Request.
  Time since last request: 0.000222 seconds.
  path: Assets/ExplosiveLLC/RPG Character Mecanim Animation Pack FREE/Animations/Unarmed/RPG-Character@Unarmed-Run-Forward-Attack1-Right.FBX
  artifactKey: Guid(ed538099471ffbc49979f1e2acfa33bc) Importer(815301076,1909f56bfc062723c751e8b465ee728b)
Start importing Assets/ExplosiveLLC/RPG Character Mecanim Animation Pack FREE/Animations/Unarmed/RPG-Character@Unarmed-Run-Forward-Attack1-Right.FBX using Guid(ed538099471ffbc49979f1e2acfa33bc) Importer(815301076,1909f56bfc062723c751e8b465ee728b)  -> (artifact id: 'c5d11817c884ca9e88dffe086d30afd8') in 0.011345 seconds 
========================================================================
Received Import Request.
  Time since last request: 0.000245 seconds.
  path: Assets/ExplosiveLLC/RPG Character Mecanim Animation Pack FREE/Animations/Unarmed/RPG-Character@Unarmed-Strafe-Backward-Left.FBX
  artifactKey: Guid(38d950ecf8ee061498d6479837d21d77) Importer(815301076,1909f56bfc062723c751e8b465ee728b)
Start importing Assets/ExplosiveLLC/RPG Character Mecanim Animation Pack FREE/Animations/Unarmed/RPG-Character@Unarmed-Strafe-Backward-Left.FBX using Guid(38d950ecf8ee061498d6479837d21d77) Importer(815301076,1909f56bfc062723c751e8b465ee728b)  -> (artifact id: '8b28c6b0aab41a254baaa266fc9b294c') in 0.015017 seconds 
========================================================================
Received Import Request.
  Time since last request: 0.000171 seconds.
  path: Assets/ExplosiveLLC/RPG Character Mecanim Animation Pack FREE/Animations/Unarmed/RPG-Character@Unarmed-Strafe-Forward.FBX
  artifactKey: Guid(a3c7daf5dbba19245938db35245052fa) Importer(815301076,1909f56bfc062723c751e8b465ee728b)
Start importing Assets/ExplosiveLLC/RPG Character Mecanim Animation Pack FREE/Animations/Unarmed/RPG-Character@Unarmed-Strafe-Forward.FBX using Guid(a3c7daf5dbba19245938db35245052fa) Importer(815301076,1909f56bfc062723c751e8b465ee728b)  -> (artifact id: '3d8f596dd2ed1fec1dd4d5b34066077a') in 0.012861 seconds 
========================================================================
Received Prepare
Registering precompiled user dll's ...
Registered in 0.002691 seconds.
Begin MonoManager ReloadAssembly
Native extension for WindowsStandalone target not found
Refreshing native plugins compatible for Editor in 0.33 ms, found 2 plugins.
Preloading 0 native plugins for Editor in 0.00 ms.
Mono: successfully reloaded assembly
- Completed reload, in  0.894 seconds
Domain Reload Profiling:
	ReloadAssembly (894ms)
		BeginReloadAssembly (106ms)
			ExecutionOrderSort (0ms)
			DisableScriptedObjects (4ms)
			BackupInstance (0ms)
			ReleaseScriptingObjects (0ms)
			CreateAndSetChildDomain (28ms)
		EndReloadAssembly (730ms)
			LoadAssemblies (86ms)
			RebuildTransferFunctionScriptingTraits (0ms)
			SetupTypeCache (243ms)
			ReleaseScriptCaches (1ms)
			RebuildScriptCaches (40ms)
			SetupLoadedEditorAssemblies (282ms)
				LogAssemblyErrors (0ms)
				InitializePlatformSupportModulesInManaged (5ms)
				SetLoadedEditorAssemblies (0ms)
				RefreshPlugins (0ms)
				BeforeProcessingInitializeOnLoad (74ms)
				ProcessInitializeOnLoadAttributes (186ms)
				ProcessInitializeOnLoadMethodAttributes (8ms)
				AfterProcessingInitializeOnLoad (7ms)
				EditorAssembliesLoaded (0ms)
			ExecutionOrderSort2 (0ms)
			AwakeInstancesAfterBackupRestoration (6ms)
Platform modules already initialized, skipping
Refreshing native plugins compatible for Editor in 0.32 ms, found 2 plugins.
Preloading 0 native plugins for Editor in 0.00 ms.
Unloading 1571 Unused Serialized files (Serialized files now loaded: 0)
System memory in use before: 74.2 MB.
System memory in use after: 74.3 MB.

Unloading 11 unused Assets to reduce memory usage. Loaded Objects now: 2016.
Total: 3.084800 ms (FindLiveObjects: 0.115300 ms CreateObjectMapping: 0.039800 ms MarkObjects: 2.912700 ms  DeleteObjects: 0.016400 ms)

AssetImportParameters requested are different than current active one (requested -> active):
  custom:framework-win-MediaFoundation: 216162199b28c13a410421893ffa2e32 -> 
  custom:video-decoder-ogg-theora: a1e56fd34408186e4bbccfd4996cb3dc -> 
  custom:container-muxer-webm: aa71ff27fc2769a1b78a27578f13a17b -> 
  custom:container-demuxer-webm: 4f35f7cbe854078d1ac9338744f61a02 -> 
  custom:container-demuxer-ogg: 62fdf1f143b41e24485cea50d1cbac27 -> 
  custom:video-encoder-webm-vp8: eb34c28f22e8b96e1ab97ce403110664 -> 
  custom:video-decoder-webm-vp8: 9c59270c3fd7afecdb556c50c9e8de78 -> 
  custom:audio-decoder-ogg-vorbis: bf7c407c2cedff20999df2af8eb42d56 -> 
  custom:audio-encoder-webm-vorbis: bf7c407c2cedff20999df2af8eb42d56 -> 
========================================================================
Received Import Request.
  Time since last request: 54.893893 seconds.
  path: Assets/ExplosiveLLC/RPG Character Mecanim Animation Pack FREE/Models/Weapons/2Hand-Sword.FBX
  artifactKey: Guid(8a7b78e82902d1b4eba2923c6a4cf1c7) Importer(815301076,1909f56bfc062723c751e8b465ee728b)
Start importing Assets/ExplosiveLLC/RPG Character Mecanim Animation Pack FREE/Models/Weapons/2Hand-Sword.FBX using Guid(8a7b78e82902d1b4eba2923c6a4cf1c7) Importer(815301076,1909f56bfc062723c751e8b465ee728b)  -> (artifact id: 'cf8fb4d29f86934f6e0548b9801bdd74') in 0.092689 seconds 
========================================================================
Received Prepare
Registering precompiled user dll's ...
Registered in 0.002982 seconds.
Begin MonoManager ReloadAssembly
Native extension for WindowsStandalone target not found
Refreshing native plugins compatible for Editor in 0.31 ms, found 2 plugins.
Preloading 0 native plugins for Editor in 0.00 ms.
Mono: successfully reloaded assembly
- Completed reload, in  0.876 seconds
Domain Reload Profiling:
	ReloadAssembly (876ms)
		BeginReloadAssembly (102ms)
			ExecutionOrderSort (0ms)
			DisableScriptedObjects (4ms)
			BackupInstance (0ms)
			ReleaseScriptingObjects (0ms)
			CreateAndSetChildDomain (28ms)
		EndReloadAssembly (720ms)
			LoadAssemblies (85ms)
			RebuildTransferFunctionScriptingTraits (0ms)
			SetupTypeCache (234ms)
			ReleaseScriptCaches (1ms)
			RebuildScriptCaches (42ms)
			SetupLoadedEditorAssemblies (278ms)
				LogAssemblyErrors (0ms)
				InitializePlatformSupportModulesInManaged (5ms)
				SetLoadedEditorAssemblies (0ms)
				RefreshPlugins (0ms)
				BeforeProcessingInitializeOnLoad (72ms)
				ProcessInitializeOnLoadAttributes (185ms)
				ProcessInitializeOnLoadMethodAttributes (9ms)
				AfterProcessingInitializeOnLoad (7ms)
				EditorAssembliesLoaded (0ms)
			ExecutionOrderSort2 (0ms)
			AwakeInstancesAfterBackupRestoration (6ms)
Platform modules already initialized, skipping
Refreshing native plugins compatible for Editor in 0.33 ms, found 2 plugins.
Preloading 0 native plugins for Editor in 0.00 ms.
Unloading 1571 Unused Serialized files (Serialized files now loaded: 0)
System memory in use before: 77.4 MB.
System memory in use after: 77.5 MB.

Unloading 12 unused Assets to reduce memory usage. Loaded Objects now: 2029.
Total: 2.350600 ms (FindLiveObjects: 0.122700 ms CreateObjectMapping: 0.047200 ms MarkObjects: 2.161200 ms  DeleteObjects: 0.018900 ms)

AssetImportParameters requested are different than current active one (requested -> active):
  custom:framework-win-MediaFoundation: 216162199b28c13a410421893ffa2e32 -> 
  custom:video-decoder-ogg-theora: a1e56fd34408186e4bbccfd4996cb3dc -> 
  custom:container-muxer-webm: aa71ff27fc2769a1b78a27578f13a17b -> 
  custom:container-demuxer-webm: 4f35f7cbe854078d1ac9338744f61a02 -> 
  custom:container-demuxer-ogg: 62fdf1f143b41e24485cea50d1cbac27 -> 
  custom:video-encoder-webm-vp8: eb34c28f22e8b96e1ab97ce403110664 -> 
  custom:video-decoder-webm-vp8: 9c59270c3fd7afecdb556c50c9e8de78 -> 
  custom:audio-decoder-ogg-vorbis: bf7c407c2cedff20999df2af8eb42d56 -> 
  custom:audio-encoder-webm-vorbis: bf7c407c2cedff20999df2af8eb42d56 -> 
========================================================================
Received Import Request.
  Time since last request: 31.342171 seconds.
  path: Assets/ExplosiveLLC/RPG Character Mecanim Animation Pack FREE/Animations/2Hand-Sword/2Hand-Sword-Attack1.anim
  artifactKey: Guid(cf6127a9f402ab340b120082bbf5a487) Importer(815301076,1909f56bfc062723c751e8b465ee728b)
Start importing Assets/ExplosiveLLC/RPG Character Mecanim Animation Pack FREE/Animations/2Hand-Sword/2Hand-Sword-Attack1.anim using Guid(cf6127a9f402ab340b120082bbf5a487) Importer(815301076,1909f56bfc062723c751e8b465ee728b)  -> (artifact id: '21672db835ee0de1801c75fe7045328f') in 0.035454 seconds 
========================================================================
Received Prepare
Registering precompiled user dll's ...
Registered in 0.002833 seconds.
Begin MonoManager ReloadAssembly
Native extension for WindowsStandalone target not found
Refreshing native plugins compatible for Editor in 0.32 ms, found 2 plugins.
Preloading 0 native plugins for Editor in 0.00 ms.
Mono: successfully reloaded assembly
- Completed reload, in  0.898 seconds
Domain Reload Profiling:
	ReloadAssembly (898ms)
		BeginReloadAssembly (106ms)
			ExecutionOrderSort (0ms)
			DisableScriptedObjects (4ms)
			BackupInstance (0ms)
			ReleaseScriptingObjects (0ms)
			CreateAndSetChildDomain (31ms)
		EndReloadAssembly (735ms)
			LoadAssemblies (86ms)
			RebuildTransferFunctionScriptingTraits (0ms)
			SetupTypeCache (245ms)
			ReleaseScriptCaches (1ms)
			RebuildScriptCaches (41ms)
			SetupLoadedEditorAssemblies (281ms)
				LogAssemblyErrors (0ms)
				InitializePlatformSupportModulesInManaged (5ms)
				SetLoadedEditorAssemblies (0ms)
				RefreshPlugins (0ms)
				BeforeProcessingInitializeOnLoad (74ms)
				ProcessInitializeOnLoadAttributes (185ms)
				ProcessInitializeOnLoadMethodAttributes (9ms)
				AfterProcessingInitializeOnLoad (7ms)
				EditorAssembliesLoaded (0ms)
			ExecutionOrderSort2 (0ms)
			AwakeInstancesAfterBackupRestoration (6ms)
Platform modules already initialized, skipping
Refreshing native plugins compatible for Editor in 0.31 ms, found 2 plugins.
Preloading 0 native plugins for Editor in 0.00 ms.
Unloading 1571 Unused Serialized files (Serialized files now loaded: 0)
System memory in use before: 77.4 MB.
System memory in use after: 77.5 MB.

Unloading 11 unused Assets to reduce memory usage. Loaded Objects now: 2032.
Total: 2.341700 ms (FindLiveObjects: 0.111000 ms CreateObjectMapping: 0.043000 ms MarkObjects: 2.170700 ms  DeleteObjects: 0.016300 ms)

AssetImportParameters requested are different than current active one (requested -> active):
  custom:framework-win-MediaFoundation: 216162199b28c13a410421893ffa2e32 -> 
  custom:video-decoder-ogg-theora: a1e56fd34408186e4bbccfd4996cb3dc -> 
  custom:container-muxer-webm: aa71ff27fc2769a1b78a27578f13a17b -> 
  custom:container-demuxer-webm: 4f35f7cbe854078d1ac9338744f61a02 -> 
  custom:container-demuxer-ogg: 62fdf1f143b41e24485cea50d1cbac27 -> 
  custom:video-encoder-webm-vp8: eb34c28f22e8b96e1ab97ce403110664 -> 
  custom:video-decoder-webm-vp8: 9c59270c3fd7afecdb556c50c9e8de78 -> 
  custom:audio-decoder-ogg-vorbis: bf7c407c2cedff20999df2af8eb42d56 -> 
  custom:audio-encoder-webm-vorbis: bf7c407c2cedff20999df2af8eb42d56 -> 
AssetImportWorkerClient::OnTransportError - code=2 error=End of file
