Using pre-set license
Built from '2020.3/staging' branch; Version is '2020.3.32f1 (12f8b0834f07) revision 1243312'; Using compiler version '192528614'; Build Type 'Release'
OS: 'Windows 10  (10.0.19044) 64bit Core' Language: 'ko' Physical Memory: 16303 MB
BatchMode: 1, IsHumanControllingUs: 0, StartBugReporterOnCrash: 0, Is64bit: 1, IsPro: 0

COMMAND LINE ARGUMENTS:
C:\Program Files\Unity\Hub\Editor\2020.3.32f1\Editor\Unity.exe
-adb2
-batchMode
-noUpm
-name
AssetImportWorker0
-projectPath
C:/EngineSuHang/New Unity Project
-logFile
Logs/AssetImportWorker0.log
-srvPort
7288
Successfully changed project path to: C:/EngineSuHang/New Unity Project
C:/EngineSuHang/New Unity Project
Using Asset Import Pipeline V2.
Refreshing native plugins compatible for Editor in 30.30 ms, found 2 plugins.
Preloading 0 native plugins for Editor in 0.00 ms.
Initialize engine version: 2020.3.32f1 (12f8b0834f07)
[Subsystems] Discovering subsystems at path C:/Program Files/Unity/Hub/Editor/2020.3.32f1/Editor/Data/Resources/UnitySubsystems
[Subsystems] Discovering subsystems at path C:/EngineSuHang/New Unity Project/Assets
GfxDevice: creating device client; threaded=0
Direct3D:
    Version:  Direct3D 11.0 [level 11.1]
    Renderer: NVIDIA GeForce RTX 2060 (ID=0x1f51)
    Vendor:   
    VRAM:     5980 MB
    Driver:   30.0.15.1296
Initialize mono
Mono path[0] = 'C:/Program Files/Unity/Hub/Editor/2020.3.32f1/Editor/Data/Managed'
Mono path[1] = 'C:/Program Files/Unity/Hub/Editor/2020.3.32f1/Editor/Data/MonoBleedingEdge/lib/mono/unityjit'
Mono config path = 'C:/Program Files/Unity/Hub/Editor/2020.3.32f1/Editor/Data/MonoBleedingEdge/etc'
Using monoOptions --debugger-agent=transport=dt_socket,embedding=1,server=y,suspend=n,address=127.0.0.1:56892
Begin MonoManager ReloadAssembly
Registering precompiled unity dll's ...
Register platform support module: C:/Program Files/Unity/Hub/Editor/2020.3.32f1/Editor/Data/PlaybackEngines/WindowsStandaloneSupport/UnityEditor.WindowsStandalone.Extensions.dll
Registered in 0.003315 seconds.
Native extension for WindowsStandalone target not found
Refreshing native plugins compatible for Editor in 31.21 ms, found 2 plugins.
Preloading 0 native plugins for Editor in 0.00 ms.
Mono: successfully reloaded assembly
- Completed reload, in  0.573 seconds
Domain Reload Profiling:
	ReloadAssembly (574ms)
		BeginReloadAssembly (65ms)
			ExecutionOrderSort (0ms)
			DisableScriptedObjects (0ms)
			BackupInstance (0ms)
			ReleaseScriptingObjects (0ms)
			CreateAndSetChildDomain (1ms)
		EndReloadAssembly (430ms)
			LoadAssemblies (63ms)
			RebuildTransferFunctionScriptingTraits (0ms)
			SetupTypeCache (137ms)
			ReleaseScriptCaches (0ms)
			RebuildScriptCaches (33ms)
			SetupLoadedEditorAssemblies (161ms)
				LogAssemblyErrors (0ms)
				InitializePlatformSupportModulesInManaged (4ms)
				SetLoadedEditorAssemblies (1ms)
				RefreshPlugins (31ms)
				BeforeProcessingInitializeOnLoad (18ms)
				ProcessInitializeOnLoadAttributes (79ms)
				ProcessInitializeOnLoadMethodAttributes (28ms)
				AfterProcessingInitializeOnLoad (0ms)
				EditorAssembliesLoaded (0ms)
			ExecutionOrderSort2 (0ms)
			AwakeInstancesAfterBackupRestoration (0ms)
Platform modules already initialized, skipping
Registering precompiled user dll's ...
Registered in 0.003251 seconds.
Begin MonoManager ReloadAssembly
Native extension for WindowsStandalone target not found
Refreshing native plugins compatible for Editor in 0.32 ms, found 2 plugins.
Preloading 0 native plugins for Editor in 0.00 ms.
Mono: successfully reloaded assembly
- Completed reload, in  0.987 seconds
Domain Reload Profiling:
	ReloadAssembly (988ms)
		BeginReloadAssembly (149ms)
			ExecutionOrderSort (0ms)
			DisableScriptedObjects (5ms)
			BackupInstance (0ms)
			ReleaseScriptingObjects (0ms)
			CreateAndSetChildDomain (18ms)
		EndReloadAssembly (779ms)
			LoadAssemblies (91ms)
			RebuildTransferFunctionScriptingTraits (0ms)
			SetupTypeCache (264ms)
			ReleaseScriptCaches (0ms)
			RebuildScriptCaches (47ms)
			SetupLoadedEditorAssemblies (297ms)
				LogAssemblyErrors (0ms)
				InitializePlatformSupportModulesInManaged (5ms)
				SetLoadedEditorAssemblies (0ms)
				RefreshPlugins (0ms)
				BeforeProcessingInitializeOnLoad (79ms)
				ProcessInitializeOnLoadAttributes (196ms)
				ProcessInitializeOnLoadMethodAttributes (9ms)
				AfterProcessingInitializeOnLoad (7ms)
				EditorAssembliesLoaded (0ms)
			ExecutionOrderSort2 (0ms)
			AwakeInstancesAfterBackupRestoration (6ms)
Platform modules already initialized, skipping
========================================================================
Worker process is ready to serve import requests
Launched and connected shader compiler UnityShaderCompiler.exe after 0.08 seconds
Refreshing native plugins compatible for Editor in 0.31 ms, found 2 plugins.
Preloading 0 native plugins for Editor in 0.00 ms.
Unloading 1576 Unused Serialized files (Serialized files now loaded: 0)
System memory in use before: 74.1 MB.
System memory in use after: 74.2 MB.

Unloading 16 unused Assets to reduce memory usage. Loaded Objects now: 2012.
Total: 2.639000 ms (FindLiveObjects: 0.117900 ms CreateObjectMapping: 0.042100 ms MarkObjects: 2.423400 ms  DeleteObjects: 0.055000 ms)

AssetImportParameters requested are different than current active one (requested -> active):
  custom:framework-win-MediaFoundation: 216162199b28c13a410421893ffa2e32 -> 
  custom:video-decoder-ogg-theora: a1e56fd34408186e4bbccfd4996cb3dc -> 
  custom:container-muxer-webm: aa71ff27fc2769a1b78a27578f13a17b -> 
  custom:container-demuxer-webm: 4f35f7cbe854078d1ac9338744f61a02 -> 
  custom:container-demuxer-ogg: 62fdf1f143b41e24485cea50d1cbac27 -> 
  custom:video-encoder-webm-vp8: eb34c28f22e8b96e1ab97ce403110664 -> 
  custom:video-decoder-webm-vp8: 9c59270c3fd7afecdb556c50c9e8de78 -> 
  custom:audio-decoder-ogg-vorbis: bf7c407c2cedff20999df2af8eb42d56 -> 
  custom:audio-encoder-webm-vorbis: bf7c407c2cedff20999df2af8eb42d56 -> 
========================================================================
Received Import Request.
  path: Assets/ExplosiveLLC/RPG Character Mecanim Animation Pack FREE/Animation Controller
  artifactKey: Guid(b4e81f4f26050804789baf3a083c99e9) Importer(815301076,1909f56bfc062723c751e8b465ee728b)
Start importing Assets/ExplosiveLLC/RPG Character Mecanim Animation Pack FREE/Animation Controller using Guid(b4e81f4f26050804789baf3a083c99e9) Importer(815301076,1909f56bfc062723c751e8b465ee728b)  -> (artifact id: 'c1458a36751ba4d36e62a3cc3f7b89f9') in 0.007832 seconds 
========================================================================
Received Import Request.
  Time since last request: 0.147878 seconds.
  path: Assets/ExplosiveLLC/RPG Character Mecanim Animation Pack FREE/Avatars
  artifactKey: Guid(d6339bc8184c0dd4697566ef8b769d8e) Importer(815301076,1909f56bfc062723c751e8b465ee728b)
Start importing Assets/ExplosiveLLC/RPG Character Mecanim Animation Pack FREE/Avatars using Guid(d6339bc8184c0dd4697566ef8b769d8e) Importer(815301076,1909f56bfc062723c751e8b465ee728b)  -> (artifact id: '76f56b3f7b73d9f410bbee424387aad6') in 0.007433 seconds 
========================================================================
Received Import Request.
  Time since last request: 0.924991 seconds.
  path: Assets/ExplosiveLLC/RPG Character Mecanim Animation Pack FREE/Avatars/RPG-Character-Avatar.ht
  artifactKey: Guid(ac07db581df5b45479d59af3b97b685e) Importer(815301076,1909f56bfc062723c751e8b465ee728b)
Start importing Assets/ExplosiveLLC/RPG Character Mecanim Animation Pack FREE/Avatars/RPG-Character-Avatar.ht using Guid(ac07db581df5b45479d59af3b97b685e) Importer(815301076,1909f56bfc062723c751e8b465ee728b)  -> (artifact id: '9a5251b7b2e83aa7abb943db57940541') in 0.046879 seconds 
========================================================================
Received Import Request.
  Time since last request: 0.402409 seconds.
  path: Assets/ExplosiveLLC/RPG Character Mecanim Animation Pack FREE/Avatars/RPG-Character-Upperbody-AvatarMask.mask
  artifactKey: Guid(87216dbdf7dd8a047817768e0beb23b2) Importer(815301076,1909f56bfc062723c751e8b465ee728b)
Start importing Assets/ExplosiveLLC/RPG Character Mecanim Animation Pack FREE/Avatars/RPG-Character-Upperbody-AvatarMask.mask using Guid(87216dbdf7dd8a047817768e0beb23b2) Importer(815301076,1909f56bfc062723c751e8b465ee728b)  -> (artifact id: '0cd36223113dd652bda59e392a7bb93d') in 0.011707 seconds 
========================================================================
Received Import Request.
  Time since last request: 2.598070 seconds.
  path: Assets/ExplosiveLLC/RPG Character Mecanim Animation Pack FREE/Models/Characters
  artifactKey: Guid(cc05a72d177dd294db973bcf4fd354ff) Importer(815301076,1909f56bfc062723c751e8b465ee728b)
Start importing Assets/ExplosiveLLC/RPG Character Mecanim Animation Pack FREE/Models/Characters using Guid(cc05a72d177dd294db973bcf4fd354ff) Importer(815301076,1909f56bfc062723c751e8b465ee728b)  -> (artifact id: '72ed870eadacd2116d45b79095ffc26a') in 0.007691 seconds 
========================================================================
Received Import Request.
  Time since last request: 0.938315 seconds.
  path: Assets/ExplosiveLLC/RPG Character Mecanim Animation Pack FREE/Models/Characters/BlenderImportSettings.png
  artifactKey: Guid(4a9d34802fc8cec4ebaafb7b352d45bc) Importer(815301076,1909f56bfc062723c751e8b465ee728b)
Start importing Assets/ExplosiveLLC/RPG Character Mecanim Animation Pack FREE/Models/Characters/BlenderImportSettings.png using Guid(4a9d34802fc8cec4ebaafb7b352d45bc) Importer(815301076,1909f56bfc062723c751e8b465ee728b)  -> (artifact id: '5616c8090444fa1068caab957198e04a') in 0.041048 seconds 
========================================================================
Received Import Request.
  Time since last request: 0.235868 seconds.
  path: Assets/ExplosiveLLC/RPG Character Mecanim Animation Pack FREE/Models/Characters/RPG-Character-Bones.FBX
  artifactKey: Guid(25f76e473f551e64a8438e7c32a0ec8e) Importer(815301076,1909f56bfc062723c751e8b465ee728b)
Start importing Assets/ExplosiveLLC/RPG Character Mecanim Animation Pack FREE/Models/Characters/RPG-Character-Bones.FBX using Guid(25f76e473f551e64a8438e7c32a0ec8e) Importer(815301076,1909f56bfc062723c751e8b465ee728b)  -> (artifact id: '411a7ca80d52019ddde6d9568602a4fc') in 0.099859 seconds 
========================================================================
Received Import Request.
  Time since last request: 10.749946 seconds.
  path: Assets
  artifactKey: Guid(00000000000000001000000000000000) Importer(815301076,1909f56bfc062723c751e8b465ee728b)
Start importing Assets using Guid(00000000000000001000000000000000) Importer(815301076,1909f56bfc062723c751e8b465ee728b)  -> (artifact id: '42d402b061de3733987d63b9cc3b64de') in 0.007182 seconds 
========================================================================
Received Import Request.
  Time since last request: 2.960330 seconds.
  path: Assets/Move.cs
  artifactKey: Guid(c8e88e0324c83d443873ccfbdc05448f) Importer(815301076,1909f56bfc062723c751e8b465ee728b)
Start importing Assets/Move.cs using Guid(c8e88e0324c83d443873ccfbdc05448f) Importer(815301076,1909f56bfc062723c751e8b465ee728b)  -> (artifact id: 'cab087f99304792e7724dce1ce55d274') in 0.010510 seconds 
========================================================================
Received Prepare
Registering precompiled user dll's ...
Registered in 0.002734 seconds.
Begin MonoManager ReloadAssembly
Native extension for WindowsStandalone target not found
Refreshing native plugins compatible for Editor in 0.31 ms, found 2 plugins.
Preloading 0 native plugins for Editor in 0.00 ms.
Mono: successfully reloaded assembly
- Completed reload, in  0.955 seconds
Domain Reload Profiling:
	ReloadAssembly (956ms)
		BeginReloadAssembly (116ms)
			ExecutionOrderSort (0ms)
			DisableScriptedObjects (4ms)
			BackupInstance (0ms)
			ReleaseScriptingObjects (0ms)
			CreateAndSetChildDomain (29ms)
		EndReloadAssembly (780ms)
			LoadAssemblies (96ms)
			RebuildTransferFunctionScriptingTraits (0ms)
			SetupTypeCache (255ms)
			ReleaseScriptCaches (1ms)
			RebuildScriptCaches (44ms)
			SetupLoadedEditorAssemblies (301ms)
				LogAssemblyErrors (0ms)
				InitializePlatformSupportModulesInManaged (5ms)
				SetLoadedEditorAssemblies (0ms)
				RefreshPlugins (0ms)
				BeforeProcessingInitializeOnLoad (75ms)
				ProcessInitializeOnLoadAttributes (204ms)
				ProcessInitializeOnLoadMethodAttributes (9ms)
				AfterProcessingInitializeOnLoad (8ms)
				EditorAssembliesLoaded (0ms)
			ExecutionOrderSort2 (0ms)
			AwakeInstancesAfterBackupRestoration (7ms)
Platform modules already initialized, skipping
Refreshing native plugins compatible for Editor in 0.35 ms, found 2 plugins.
Preloading 0 native plugins for Editor in 0.00 ms.
Unloading 1570 Unused Serialized files (Serialized files now loaded: 0)
System memory in use before: 90.8 MB.
System memory in use after: 90.9 MB.

Unloading 12 unused Assets to reduce memory usage. Loaded Objects now: 2028.
Total: 2.516400 ms (FindLiveObjects: 0.112800 ms CreateObjectMapping: 0.048700 ms MarkObjects: 2.334000 ms  DeleteObjects: 0.020200 ms)

AssetImportParameters requested are different than current active one (requested -> active):
  custom:framework-win-MediaFoundation: 216162199b28c13a410421893ffa2e32 -> 
  custom:video-decoder-ogg-theora: a1e56fd34408186e4bbccfd4996cb3dc -> 
  custom:container-muxer-webm: aa71ff27fc2769a1b78a27578f13a17b -> 
  custom:container-demuxer-webm: 4f35f7cbe854078d1ac9338744f61a02 -> 
  custom:container-demuxer-ogg: 62fdf1f143b41e24485cea50d1cbac27 -> 
  custom:video-encoder-webm-vp8: eb34c28f22e8b96e1ab97ce403110664 -> 
  custom:video-decoder-webm-vp8: 9c59270c3fd7afecdb556c50c9e8de78 -> 
  custom:audio-decoder-ogg-vorbis: bf7c407c2cedff20999df2af8eb42d56 -> 
  custom:audio-encoder-webm-vorbis: bf7c407c2cedff20999df2af8eb42d56 -> 
========================================================================
Received Import Request.
  Time since last request: 20.199567 seconds.
  path: Assets/MMMOOOVVVEEE.cs
  artifactKey: Guid(4060ea63460afd64e8d26644c651bd47) Importer(815301076,1909f56bfc062723c751e8b465ee728b)
Start importing Assets/MMMOOOVVVEEE.cs using Guid(4060ea63460afd64e8d26644c651bd47) Importer(815301076,1909f56bfc062723c751e8b465ee728b)  -> (artifact id: '50475cfeaf4448616a50e75bd0b7b3f4') in 0.009670 seconds 
========================================================================
Received Prepare
Registering precompiled user dll's ...
Registered in 0.003252 seconds.
Begin MonoManager ReloadAssembly
Native extension for WindowsStandalone target not found
Refreshing native plugins compatible for Editor in 0.35 ms, found 2 plugins.
Preloading 0 native plugins for Editor in 0.00 ms.
Mono: successfully reloaded assembly
- Completed reload, in  0.983 seconds
Domain Reload Profiling:
	ReloadAssembly (984ms)
		BeginReloadAssembly (114ms)
			ExecutionOrderSort (0ms)
			DisableScriptedObjects (5ms)
			BackupInstance (0ms)
			ReleaseScriptingObjects (0ms)
			CreateAndSetChildDomain (31ms)
		EndReloadAssembly (809ms)
			LoadAssemblies (95ms)
			RebuildTransferFunctionScriptingTraits (0ms)
			SetupTypeCache (262ms)
			ReleaseScriptCaches (1ms)
			RebuildScriptCaches (46ms)
			SetupLoadedEditorAssemblies (313ms)
				LogAssemblyErrors (0ms)
				InitializePlatformSupportModulesInManaged (5ms)
				SetLoadedEditorAssemblies (1ms)
				RefreshPlugins (0ms)
				BeforeProcessingInitializeOnLoad (91ms)
				ProcessInitializeOnLoadAttributes (199ms)
				ProcessInitializeOnLoadMethodAttributes (9ms)
				AfterProcessingInitializeOnLoad (7ms)
				EditorAssembliesLoaded (0ms)
			ExecutionOrderSort2 (0ms)
			AwakeInstancesAfterBackupRestoration (6ms)
Platform modules already initialized, skipping
Refreshing native plugins compatible for Editor in 0.32 ms, found 2 plugins.
Preloading 0 native plugins for Editor in 0.00 ms.
Unloading 1571 Unused Serialized files (Serialized files now loaded: 0)
System memory in use before: 90.9 MB.
System memory in use after: 91.0 MB.

Unloading 11 unused Assets to reduce memory usage. Loaded Objects now: 2032.
Total: 2.270600 ms (FindLiveObjects: 0.117300 ms CreateObjectMapping: 0.051400 ms MarkObjects: 2.083300 ms  DeleteObjects: 0.017800 ms)

AssetImportParameters requested are different than current active one (requested -> active):
  custom:framework-win-MediaFoundation: 216162199b28c13a410421893ffa2e32 -> 
  custom:video-decoder-ogg-theora: a1e56fd34408186e4bbccfd4996cb3dc -> 
  custom:container-muxer-webm: aa71ff27fc2769a1b78a27578f13a17b -> 
  custom:container-demuxer-webm: 4f35f7cbe854078d1ac9338744f61a02 -> 
  custom:container-demuxer-ogg: 62fdf1f143b41e24485cea50d1cbac27 -> 
  custom:video-encoder-webm-vp8: eb34c28f22e8b96e1ab97ce403110664 -> 
  custom:video-decoder-webm-vp8: 9c59270c3fd7afecdb556c50c9e8de78 -> 
  custom:audio-decoder-ogg-vorbis: bf7c407c2cedff20999df2af8eb42d56 -> 
  custom:audio-encoder-webm-vorbis: bf7c407c2cedff20999df2af8eb42d56 -> 
========================================================================
Received Prepare
Registering precompiled user dll's ...
Registered in 0.002953 seconds.
Begin MonoManager ReloadAssembly
Native extension for WindowsStandalone target not found
Refreshing native plugins compatible for Editor in 0.31 ms, found 2 plugins.
Preloading 0 native plugins for Editor in 0.00 ms.
Mono: successfully reloaded assembly
- Completed reload, in  0.898 seconds
Domain Reload Profiling:
	ReloadAssembly (898ms)
		BeginReloadAssembly (119ms)
			ExecutionOrderSort (0ms)
			DisableScriptedObjects (7ms)
			BackupInstance (0ms)
			ReleaseScriptingObjects (0ms)
			CreateAndSetChildDomain (29ms)
		EndReloadAssembly (718ms)
			LoadAssemblies (96ms)
			RebuildTransferFunctionScriptingTraits (0ms)
			SetupTypeCache (239ms)
			ReleaseScriptCaches (1ms)
			RebuildScriptCaches (41ms)
			SetupLoadedEditorAssemblies (273ms)
				LogAssemblyErrors (0ms)
				InitializePlatformSupportModulesInManaged (5ms)
				SetLoadedEditorAssemblies (0ms)
				RefreshPlugins (0ms)
				BeforeProcessingInitializeOnLoad (73ms)
				ProcessInitializeOnLoadAttributes (179ms)
				ProcessInitializeOnLoadMethodAttributes (9ms)
				AfterProcessingInitializeOnLoad (7ms)
				EditorAssembliesLoaded (0ms)
			ExecutionOrderSort2 (0ms)
			AwakeInstancesAfterBackupRestoration (6ms)
Platform modules already initialized, skipping
Refreshing native plugins compatible for Editor in 0.36 ms, found 2 plugins.
Preloading 0 native plugins for Editor in 0.00 ms.
Unloading 1571 Unused Serialized files (Serialized files now loaded: 0)
System memory in use before: 90.9 MB.
System memory in use after: 91.0 MB.

Unloading 11 unused Assets to reduce memory usage. Loaded Objects now: 2035.
Total: 2.439100 ms (FindLiveObjects: 0.114300 ms CreateObjectMapping: 0.039100 ms MarkObjects: 2.270100 ms  DeleteObjects: 0.014800 ms)

AssetImportParameters requested are different than current active one (requested -> active):
  custom:framework-win-MediaFoundation: 216162199b28c13a410421893ffa2e32 -> 
  custom:video-decoder-ogg-theora: a1e56fd34408186e4bbccfd4996cb3dc -> 
  custom:container-muxer-webm: aa71ff27fc2769a1b78a27578f13a17b -> 
  custom:container-demuxer-webm: 4f35f7cbe854078d1ac9338744f61a02 -> 
  custom:container-demuxer-ogg: 62fdf1f143b41e24485cea50d1cbac27 -> 
  custom:video-encoder-webm-vp8: eb34c28f22e8b96e1ab97ce403110664 -> 
  custom:video-decoder-webm-vp8: 9c59270c3fd7afecdb556c50c9e8de78 -> 
  custom:audio-decoder-ogg-vorbis: bf7c407c2cedff20999df2af8eb42d56 -> 
  custom:audio-encoder-webm-vorbis: bf7c407c2cedff20999df2af8eb42d56 -> 
========================================================================
Received Import Request.
  Time since last request: 38.776100 seconds.
  path: Assets/MMMOOOVVVEEE.cs
  artifactKey: Guid(4060ea63460afd64e8d26644c651bd47) Importer(815301076,1909f56bfc062723c751e8b465ee728b)
Start importing Assets/MMMOOOVVVEEE.cs using Guid(4060ea63460afd64e8d26644c651bd47) Importer(815301076,1909f56bfc062723c751e8b465ee728b)  -> (artifact id: 'c4b2f6dc407d25cce9fe680426bfde94') in 0.005203 seconds 
========================================================================
Received Prepare
Registering precompiled user dll's ...
Registered in 0.002939 seconds.
Begin MonoManager ReloadAssembly
Native extension for WindowsStandalone target not found
Refreshing native plugins compatible for Editor in 0.33 ms, found 2 plugins.
Preloading 0 native plugins for Editor in 0.00 ms.
Mono: successfully reloaded assembly
- Completed reload, in  1.043 seconds
Domain Reload Profiling:
	ReloadAssembly (1044ms)
		BeginReloadAssembly (112ms)
			ExecutionOrderSort (0ms)
			DisableScriptedObjects (4ms)
			BackupInstance (0ms)
			ReleaseScriptingObjects (0ms)
			CreateAndSetChildDomain (28ms)
		EndReloadAssembly (871ms)
			LoadAssemblies (97ms)
			RebuildTransferFunctionScriptingTraits (0ms)
			SetupTypeCache (288ms)
			ReleaseScriptCaches (1ms)
			RebuildScriptCaches (60ms)
			SetupLoadedEditorAssemblies (330ms)
				LogAssemblyErrors (0ms)
				InitializePlatformSupportModulesInManaged (5ms)
				SetLoadedEditorAssemblies (0ms)
				RefreshPlugins (0ms)
				BeforeProcessingInitializeOnLoad (92ms)
				ProcessInitializeOnLoadAttributes (212ms)
				ProcessInitializeOnLoadMethodAttributes (13ms)
				AfterProcessingInitializeOnLoad (7ms)
				EditorAssembliesLoaded (0ms)
			ExecutionOrderSort2 (0ms)
			AwakeInstancesAfterBackupRestoration (7ms)
Platform modules already initialized, skipping
Refreshing native plugins compatible for Editor in 0.33 ms, found 2 plugins.
Preloading 0 native plugins for Editor in 0.00 ms.
Unloading 1571 Unused Serialized files (Serialized files now loaded: 0)
System memory in use before: 90.9 MB.
System memory in use after: 91.0 MB.

Unloading 11 unused Assets to reduce memory usage. Loaded Objects now: 2038.
Total: 2.437200 ms (FindLiveObjects: 0.108100 ms CreateObjectMapping: 0.043500 ms MarkObjects: 2.267000 ms  DeleteObjects: 0.018000 ms)

AssetImportParameters requested are different than current active one (requested -> active):
  custom:framework-win-MediaFoundation: 216162199b28c13a410421893ffa2e32 -> 
  custom:video-decoder-ogg-theora: a1e56fd34408186e4bbccfd4996cb3dc -> 
  custom:container-muxer-webm: aa71ff27fc2769a1b78a27578f13a17b -> 
  custom:container-demuxer-webm: 4f35f7cbe854078d1ac9338744f61a02 -> 
  custom:container-demuxer-ogg: 62fdf1f143b41e24485cea50d1cbac27 -> 
  custom:video-encoder-webm-vp8: eb34c28f22e8b96e1ab97ce403110664 -> 
  custom:video-decoder-webm-vp8: 9c59270c3fd7afecdb556c50c9e8de78 -> 
  custom:audio-decoder-ogg-vorbis: bf7c407c2cedff20999df2af8eb42d56 -> 
  custom:audio-encoder-webm-vorbis: bf7c407c2cedff20999df2af8eb42d56 -> 
========================================================================
Received Import Request.
  Time since last request: 62.934393 seconds.
  path: Assets/ExplosiveLLC/RPG Character Mecanim Animation Pack FREE/Animations/2Hand-Sword/RPG-Character@2Hand-Sword-Attack1.FBX
  artifactKey: Guid(dce280ced5e006c4cb0eb0fab2f51b75) Importer(815301076,1909f56bfc062723c751e8b465ee728b)
Start importing Assets/ExplosiveLLC/RPG Character Mecanim Animation Pack FREE/Animations/2Hand-Sword/RPG-Character@2Hand-Sword-Attack1.FBX using Guid(dce280ced5e006c4cb0eb0fab2f51b75) Importer(815301076,1909f56bfc062723c751e8b465ee728b)  -> (artifact id: 'fbb3d1ca80675f2d5f2ce1f23c6a7174') in 0.037290 seconds 
========================================================================
Received Import Request.
  Time since last request: 21.079487 seconds.
  path: Assets/ExplosiveLLC/RPG Character Mecanim Animation Pack FREE/Models/Characters/RPG-Character.FBX
  artifactKey: Guid(e57e9b8cd5e115f4f8d7736473e5c7fd) Importer(815301076,1909f56bfc062723c751e8b465ee728b)
Start importing Assets/ExplosiveLLC/RPG Character Mecanim Animation Pack FREE/Models/Characters/RPG-Character.FBX using Guid(e57e9b8cd5e115f4f8d7736473e5c7fd) Importer(815301076,1909f56bfc062723c751e8b465ee728b)  -> (artifact id: '70630c3b9590d48c911628d7e4b49fb2') in 0.066345 seconds 
========================================================================
Received Prepare
Registering precompiled user dll's ...
Registered in 0.002873 seconds.
Begin MonoManager ReloadAssembly
Native extension for WindowsStandalone target not found
Refreshing native plugins compatible for Editor in 0.32 ms, found 2 plugins.
Preloading 0 native plugins for Editor in 0.00 ms.
Mono: successfully reloaded assembly
- Completed reload, in  0.896 seconds
Domain Reload Profiling:
	ReloadAssembly (897ms)
		BeginReloadAssembly (115ms)
			ExecutionOrderSort (0ms)
			DisableScriptedObjects (5ms)
			BackupInstance (0ms)
			ReleaseScriptingObjects (0ms)
			CreateAndSetChildDomain (30ms)
		EndReloadAssembly (721ms)
			LoadAssemblies (90ms)
			RebuildTransferFunctionScriptingTraits (0ms)
			SetupTypeCache (238ms)
			ReleaseScriptCaches (1ms)
			RebuildScriptCaches (41ms)
			SetupLoadedEditorAssemblies (278ms)
				LogAssemblyErrors (0ms)
				InitializePlatformSupportModulesInManaged (5ms)
				SetLoadedEditorAssemblies (0ms)
				RefreshPlugins (0ms)
				BeforeProcessingInitializeOnLoad (72ms)
				ProcessInitializeOnLoadAttributes (185ms)
				ProcessInitializeOnLoadMethodAttributes (9ms)
				AfterProcessingInitializeOnLoad (7ms)
				EditorAssembliesLoaded (0ms)
			ExecutionOrderSort2 (0ms)
			AwakeInstancesAfterBackupRestoration (6ms)
Platform modules already initialized, skipping
Refreshing native plugins compatible for Editor in 0.34 ms, found 2 plugins.
Preloading 0 native plugins for Editor in 0.00 ms.
Unloading 1571 Unused Serialized files (Serialized files now loaded: 0)
System memory in use before: 91.0 MB.
System memory in use after: 91.1 MB.

Unloading 12 unused Assets to reduce memory usage. Loaded Objects now: 2042.
Total: 2.490600 ms (FindLiveObjects: 0.177200 ms CreateObjectMapping: 0.062700 ms MarkObjects: 2.224700 ms  DeleteObjects: 0.025200 ms)

AssetImportParameters requested are different than current active one (requested -> active):
  custom:framework-win-MediaFoundation: 216162199b28c13a410421893ffa2e32 -> 
  custom:video-decoder-ogg-theora: a1e56fd34408186e4bbccfd4996cb3dc -> 
  custom:container-muxer-webm: aa71ff27fc2769a1b78a27578f13a17b -> 
  custom:container-demuxer-webm: 4f35f7cbe854078d1ac9338744f61a02 -> 
  custom:container-demuxer-ogg: 62fdf1f143b41e24485cea50d1cbac27 -> 
  custom:video-encoder-webm-vp8: eb34c28f22e8b96e1ab97ce403110664 -> 
  custom:video-decoder-webm-vp8: 9c59270c3fd7afecdb556c50c9e8de78 -> 
  custom:audio-decoder-ogg-vorbis: bf7c407c2cedff20999df2af8eb42d56 -> 
  custom:audio-encoder-webm-vorbis: bf7c407c2cedff20999df2af8eb42d56 -> 
========================================================================
Received Import Request.
  Time since last request: 75.263895 seconds.
  path: Assets/ExplosiveLLC/RPG Character Mecanim Animation Pack FREE/Animations/2Hand-Sword/RPG-Character.controller
  artifactKey: Guid(ad4bcce13ba5d0f47bf5dfbef4f6d763) Importer(815301076,1909f56bfc062723c751e8b465ee728b)
Start importing Assets/ExplosiveLLC/RPG Character Mecanim Animation Pack FREE/Animations/2Hand-Sword/RPG-Character.controller using Guid(ad4bcce13ba5d0f47bf5dfbef4f6d763) Importer(815301076,1909f56bfc062723c751e8b465ee728b)  -> (artifact id: 'ea0ab00a9737048ae369d07a61ad871c') in 0.015874 seconds 
========================================================================
Received Prepare
Registering precompiled user dll's ...
Registered in 0.002928 seconds.
Begin MonoManager ReloadAssembly
Native extension for WindowsStandalone target not found
Refreshing native plugins compatible for Editor in 0.31 ms, found 2 plugins.
Preloading 0 native plugins for Editor in 0.00 ms.
Mono: successfully reloaded assembly
- Completed reload, in  0.945 seconds
Domain Reload Profiling:
	ReloadAssembly (945ms)
		BeginReloadAssembly (107ms)
			ExecutionOrderSort (0ms)
			DisableScriptedObjects (4ms)
			BackupInstance (0ms)
			ReleaseScriptingObjects (0ms)
			CreateAndSetChildDomain (26ms)
		EndReloadAssembly (770ms)
			LoadAssemblies (108ms)
			RebuildTransferFunctionScriptingTraits (0ms)
			SetupTypeCache (261ms)
			ReleaseScriptCaches (1ms)
			RebuildScriptCaches (42ms)
			SetupLoadedEditorAssemblies (278ms)
				LogAssemblyErrors (0ms)
				InitializePlatformSupportModulesInManaged (4ms)
				SetLoadedEditorAssemblies (0ms)
				RefreshPlugins (0ms)
				BeforeProcessingInitializeOnLoad (72ms)
				ProcessInitializeOnLoadAttributes (184ms)
				ProcessInitializeOnLoadMethodAttributes (9ms)
				AfterProcessingInitializeOnLoad (7ms)
				EditorAssembliesLoaded (0ms)
			ExecutionOrderSort2 (0ms)
			AwakeInstancesAfterBackupRestoration (6ms)
Platform modules already initialized, skipping
Refreshing native plugins compatible for Editor in 0.34 ms, found 2 plugins.
Preloading 0 native plugins for Editor in 0.00 ms.
Unloading 1571 Unused Serialized files (Serialized files now loaded: 0)
System memory in use before: 91.0 MB.
System memory in use after: 91.1 MB.

Unloading 11 unused Assets to reduce memory usage. Loaded Objects now: 2045.
Total: 2.469100 ms (FindLiveObjects: 0.122100 ms CreateObjectMapping: 0.041100 ms MarkObjects: 2.288600 ms  DeleteObjects: 0.016700 ms)

AssetImportParameters requested are different than current active one (requested -> active):
  custom:framework-win-MediaFoundation: 216162199b28c13a410421893ffa2e32 -> 
  custom:video-decoder-ogg-theora: a1e56fd34408186e4bbccfd4996cb3dc -> 
  custom:container-muxer-webm: aa71ff27fc2769a1b78a27578f13a17b -> 
  custom:container-demuxer-webm: 4f35f7cbe854078d1ac9338744f61a02 -> 
  custom:container-demuxer-ogg: 62fdf1f143b41e24485cea50d1cbac27 -> 
  custom:video-encoder-webm-vp8: eb34c28f22e8b96e1ab97ce403110664 -> 
  custom:video-decoder-webm-vp8: 9c59270c3fd7afecdb556c50c9e8de78 -> 
  custom:audio-decoder-ogg-vorbis: bf7c407c2cedff20999df2af8eb42d56 -> 
  custom:audio-encoder-webm-vorbis: bf7c407c2cedff20999df2af8eb42d56 -> 
========================================================================
Received Import Request.
  Time since last request: 46.273155 seconds.
  path: Assets/ExplosiveLLC/RPG Character Mecanim Animation Pack FREE/Animations/2Hand-Sword/RPG-Character.controller
  artifactKey: Guid(ad4bcce13ba5d0f47bf5dfbef4f6d763) Importer(815301076,1909f56bfc062723c751e8b465ee728b)
Start importing Assets/ExplosiveLLC/RPG Character Mecanim Animation Pack FREE/Animations/2Hand-Sword/RPG-Character.controller using Guid(ad4bcce13ba5d0f47bf5dfbef4f6d763) Importer(815301076,1909f56bfc062723c751e8b465ee728b)  -> (artifact id: '7e5a05e3401630995ad5fa7fc649e925') in 0.017174 seconds 
========================================================================
Received Prepare
Registering precompiled user dll's ...
Registered in 0.003255 seconds.
Begin MonoManager ReloadAssembly
Native extension for WindowsStandalone target not found
Refreshing native plugins compatible for Editor in 0.31 ms, found 2 plugins.
Preloading 0 native plugins for Editor in 0.00 ms.
Mono: successfully reloaded assembly
- Completed reload, in  0.879 seconds
Domain Reload Profiling:
	ReloadAssembly (880ms)
		BeginReloadAssembly (102ms)
			ExecutionOrderSort (0ms)
			DisableScriptedObjects (4ms)
			BackupInstance (0ms)
			ReleaseScriptingObjects (0ms)
			CreateAndSetChildDomain (26ms)
		EndReloadAssembly (719ms)
			LoadAssemblies (88ms)
			RebuildTransferFunctionScriptingTraits (0ms)
			SetupTypeCache (232ms)
			ReleaseScriptCaches (1ms)
			RebuildScriptCaches (40ms)
			SetupLoadedEditorAssemblies (280ms)
				LogAssemblyErrors (0ms)
				InitializePlatformSupportModulesInManaged (5ms)
				SetLoadedEditorAssemblies (0ms)
				RefreshPlugins (0ms)
				BeforeProcessingInitializeOnLoad (73ms)
				ProcessInitializeOnLoadAttributes (186ms)
				ProcessInitializeOnLoadMethodAttributes (8ms)
				AfterProcessingInitializeOnLoad (7ms)
				EditorAssembliesLoaded (0ms)
			ExecutionOrderSort2 (0ms)
			AwakeInstancesAfterBackupRestoration (6ms)
Platform modules already initialized, skipping
Refreshing native plugins compatible for Editor in 0.31 ms, found 2 plugins.
Preloading 0 native plugins for Editor in 0.00 ms.
Unloading 1571 Unused Serialized files (Serialized files now loaded: 0)
System memory in use before: 91.0 MB.
System memory in use after: 91.1 MB.

Unloading 11 unused Assets to reduce memory usage. Loaded Objects now: 2048.
Total: 2.528900 ms (FindLiveObjects: 0.129600 ms CreateObjectMapping: 0.039500 ms MarkObjects: 2.342400 ms  DeleteObjects: 0.016700 ms)

AssetImportParameters requested are different than current active one (requested -> active):
  custom:framework-win-MediaFoundation: 216162199b28c13a410421893ffa2e32 -> 
  custom:video-decoder-ogg-theora: a1e56fd34408186e4bbccfd4996cb3dc -> 
  custom:container-muxer-webm: aa71ff27fc2769a1b78a27578f13a17b -> 
  custom:container-demuxer-webm: 4f35f7cbe854078d1ac9338744f61a02 -> 
  custom:container-demuxer-ogg: 62fdf1f143b41e24485cea50d1cbac27 -> 
  custom:video-encoder-webm-vp8: eb34c28f22e8b96e1ab97ce403110664 -> 
  custom:video-decoder-webm-vp8: 9c59270c3fd7afecdb556c50c9e8de78 -> 
  custom:audio-decoder-ogg-vorbis: bf7c407c2cedff20999df2af8eb42d56 -> 
  custom:audio-encoder-webm-vorbis: bf7c407c2cedff20999df2af8eb42d56 -> 
========================================================================
Received Import Request.
  Time since last request: 55.135249 seconds.
  path: Assets/ExplosiveLLC/RPG Character Mecanim Animation Pack FREE/Animations/2Hand-Sword/RPG-Character@2Hand-Sword-Attack2.FBX
  artifactKey: Guid(7b5b17e2d42e0424f9c36012595dc9b6) Importer(815301076,1909f56bfc062723c751e8b465ee728b)
Start importing Assets/ExplosiveLLC/RPG Character Mecanim Animation Pack FREE/Animations/2Hand-Sword/RPG-Character@2Hand-Sword-Attack2.FBX using Guid(7b5b17e2d42e0424f9c36012595dc9b6) Importer(815301076,1909f56bfc062723c751e8b465ee728b)  -> (artifact id: '1f89af4ab04e5785915761c29a0c99b8') in 0.032801 seconds 
========================================================================
Received Import Request.
  Time since last request: 0.000320 seconds.
  path: Assets/ExplosiveLLC/RPG Character Mecanim Animation Pack FREE/Animations/2Hand-Sword/RPG-Character@2Hand-Sword-Attack3.FBX
  artifactKey: Guid(018ce46eeecfeae4abb8016f2c6841ca) Importer(815301076,1909f56bfc062723c751e8b465ee728b)
Start importing Assets/ExplosiveLLC/RPG Character Mecanim Animation Pack FREE/Animations/2Hand-Sword/RPG-Character@2Hand-Sword-Attack3.FBX using Guid(018ce46eeecfeae4abb8016f2c6841ca) Importer(815301076,1909f56bfc062723c751e8b465ee728b)  -> (artifact id: '4ca5995d5d11d070a2ff7ce1b511e573') in 0.012044 seconds 
========================================================================
Received Import Request.
  Time since last request: 0.000244 seconds.
  path: Assets/ExplosiveLLC/RPG Character Mecanim Animation Pack FREE/Animations/2Hand-Sword/RPG-Character@2Hand-Sword-Attack8.FBX
  artifactKey: Guid(05576006da3e02b49b96abc065d9f607) Importer(815301076,1909f56bfc062723c751e8b465ee728b)
Start importing Assets/ExplosiveLLC/RPG Character Mecanim Animation Pack FREE/Animations/2Hand-Sword/RPG-Character@2Hand-Sword-Attack8.FBX using Guid(05576006da3e02b49b96abc065d9f607) Importer(815301076,1909f56bfc062723c751e8b465ee728b)  -> (artifact id: '91bccf6f5b46c6ea5ab01686d7d835e5') in 0.014348 seconds 
========================================================================
Received Import Request.
  Time since last request: 0.000220 seconds.
  path: Assets/ExplosiveLLC/RPG Character Mecanim Animation Pack FREE/Animations/2Hand-Sword/RPG-Character@2Hand-Sword-Attack6.FBX
  artifactKey: Guid(c9cdccfb9d6cfef4d9992105a94b5d86) Importer(815301076,1909f56bfc062723c751e8b465ee728b)
Start importing Assets/ExplosiveLLC/RPG Character Mecanim Animation Pack FREE/Animations/2Hand-Sword/RPG-Character@2Hand-Sword-Attack6.FBX using Guid(c9cdccfb9d6cfef4d9992105a94b5d86) Importer(815301076,1909f56bfc062723c751e8b465ee728b)  -> (artifact id: 'b3b52dafe08b9949ef97cee0772f223d') in 0.011992 seconds 
========================================================================
Received Import Request.
  Time since last request: 0.000202 seconds.
  path: Assets/ExplosiveLLC/RPG Character Mecanim Animation Pack FREE/Animations/2Hand-Sword/RPG-Character@2Hand-Sword-Attack9.FBX
  artifactKey: Guid(06e24acb759a2ac4c965d56b0101f8ba) Importer(815301076,1909f56bfc062723c751e8b465ee728b)
Start importing Assets/ExplosiveLLC/RPG Character Mecanim Animation Pack FREE/Animations/2Hand-Sword/RPG-Character@2Hand-Sword-Attack9.FBX using Guid(06e24acb759a2ac4c965d56b0101f8ba) Importer(815301076,1909f56bfc062723c751e8b465ee728b)  -> (artifact id: '317a1239d401003a0a194eba1a40ec13') in 0.011468 seconds 
========================================================================
Received Import Request.
  Time since last request: 0.000257 seconds.
  path: Assets/ExplosiveLLC/RPG Character Mecanim Animation Pack FREE/Animations/2Hand-Sword/RPG-Character@2Hand-Sword-Attack5.FBX
  artifactKey: Guid(04cb27dc01c081446ba2c02f2761f01d) Importer(815301076,1909f56bfc062723c751e8b465ee728b)
Start importing Assets/ExplosiveLLC/RPG Character Mecanim Animation Pack FREE/Animations/2Hand-Sword/RPG-Character@2Hand-Sword-Attack5.FBX using Guid(04cb27dc01c081446ba2c02f2761f01d) Importer(815301076,1909f56bfc062723c751e8b465ee728b)  -> (artifact id: 'fea3c0a92d5f61dd640361e3a519f19f') in 0.012355 seconds 
========================================================================
Received Import Request.
  Time since last request: 0.000288 seconds.
  path: Assets/ExplosiveLLC/RPG Character Mecanim Animation Pack FREE/Animations/2Hand-Sword/RPG-Character@2Hand-Sword-Attack7.FBX
  artifactKey: Guid(96ed5e4a6dc56fe4c9c2de75fc8a077c) Importer(815301076,1909f56bfc062723c751e8b465ee728b)
Start importing Assets/ExplosiveLLC/RPG Character Mecanim Animation Pack FREE/Animations/2Hand-Sword/RPG-Character@2Hand-Sword-Attack7.FBX using Guid(96ed5e4a6dc56fe4c9c2de75fc8a077c) Importer(815301076,1909f56bfc062723c751e8b465ee728b)  -> (artifact id: 'b758efe41223dee5574c3c53b095cdce') in 0.012152 seconds 
========================================================================
Received Import Request.
  Time since last request: 0.000283 seconds.
  path: Assets/ExplosiveLLC/RPG Character Mecanim Animation Pack FREE/Animations/2Hand-Sword/RPG-Character@2Hand-Sword-Attack10.FBX
  artifactKey: Guid(5354b4f390c868842b96d7c4c201bdf8) Importer(815301076,1909f56bfc062723c751e8b465ee728b)
Start importing Assets/ExplosiveLLC/RPG Character Mecanim Animation Pack FREE/Animations/2Hand-Sword/RPG-Character@2Hand-Sword-Attack10.FBX using Guid(5354b4f390c868842b96d7c4c201bdf8) Importer(815301076,1909f56bfc062723c751e8b465ee728b)  -> (artifact id: '29a6ebcd0bdc05705e79272d93db39f3') in 0.012361 seconds 
========================================================================
Received Import Request.
  Time since last request: 0.000293 seconds.
  path: Assets/ExplosiveLLC/RPG Character Mecanim Animation Pack FREE/Animations/2Hand-Sword/RPG-Character@2Hand-Sword-Attack4.FBX
  artifactKey: Guid(cdd2643e8053d5b419629acf98510a71) Importer(815301076,1909f56bfc062723c751e8b465ee728b)
Start importing Assets/ExplosiveLLC/RPG Character Mecanim Animation Pack FREE/Animations/2Hand-Sword/RPG-Character@2Hand-Sword-Attack4.FBX using Guid(cdd2643e8053d5b419629acf98510a71) Importer(815301076,1909f56bfc062723c751e8b465ee728b)  -> (artifact id: 'de1b1ed976aa0f5bb4c6895b7cb2df0d') in 0.012785 seconds 
========================================================================
Received Import Request.
  Time since last request: 4.195622 seconds.
  path: Assets/ExplosiveLLC/RPG Character Mecanim Animation Pack FREE/Animations/2Hand-Sword/RPG-Character@2Hand-Sword-Attack11.FBX
  artifactKey: Guid(807a4f9cdadaafe4491d43653dfab0c0) Importer(815301076,1909f56bfc062723c751e8b465ee728b)
Start importing Assets/ExplosiveLLC/RPG Character Mecanim Animation Pack FREE/Animations/2Hand-Sword/RPG-Character@2Hand-Sword-Attack11.FBX using Guid(807a4f9cdadaafe4491d43653dfab0c0) Importer(815301076,1909f56bfc062723c751e8b465ee728b)  -> (artifact id: '4abe9111bfa0bd4ab5676cf94b8553bd') in 0.011956 seconds 
========================================================================
Received Import Request.
  Time since last request: 0.000310 seconds.
  path: Assets/ExplosiveLLC/RPG Character Mecanim Animation Pack FREE/Animations/2Hand-Sword/RPG-Character@2Hand-Sword-DiveRoll-Forward1.max.FBX
  artifactKey: Guid(6c53184d9a4fe38429cf4aac4a3979d2) Importer(815301076,1909f56bfc062723c751e8b465ee728b)
Start importing Assets/ExplosiveLLC/RPG Character Mecanim Animation Pack FREE/Animations/2Hand-Sword/RPG-Character@2Hand-Sword-DiveRoll-Forward1.max.FBX using Guid(6c53184d9a4fe38429cf4aac4a3979d2) Importer(815301076,1909f56bfc062723c751e8b465ee728b)  -> (artifact id: '562b78b801ed9a698815b415614e8200') in 0.014894 seconds 
========================================================================
Received Import Request.
  Time since last request: 2.510158 seconds.
  path: Assets/ExplosiveLLC/RPG Character Mecanim Animation Pack FREE/Animations/2Hand-Sword/RPG-Character@2Hand-Sword-Fall.FBX
  artifactKey: Guid(af325fd4fbf92f0458ca548353bddf90) Importer(815301076,1909f56bfc062723c751e8b465ee728b)
Start importing Assets/ExplosiveLLC/RPG Character Mecanim Animation Pack FREE/Animations/2Hand-Sword/RPG-Character@2Hand-Sword-Fall.FBX using Guid(af325fd4fbf92f0458ca548353bddf90) Importer(815301076,1909f56bfc062723c751e8b465ee728b)  -> (artifact id: '1b90abb815fc7b3f27e9f265bbd2696d') in 0.012146 seconds 
========================================================================
Received Import Request.
  Time since last request: 0.000328 seconds.
  path: Assets/ExplosiveLLC/RPG Character Mecanim Animation Pack FREE/Animations/2Hand-Sword/RPG-Character@2Hand-Sword-GetHit-B1.FBX
  artifactKey: Guid(c4a6316ca6c9fdc46bb89081e20406a0) Importer(815301076,1909f56bfc062723c751e8b465ee728b)
Start importing Assets/ExplosiveLLC/RPG Character Mecanim Animation Pack FREE/Animations/2Hand-Sword/RPG-Character@2Hand-Sword-GetHit-B1.FBX using Guid(c4a6316ca6c9fdc46bb89081e20406a0) Importer(815301076,1909f56bfc062723c751e8b465ee728b)  -> (artifact id: 'c8a2b20c705cdeb90e90935a9c43a65b') in 0.012308 seconds 
========================================================================
Received Import Request.
  Time since last request: 0.028593 seconds.
  path: Assets/ExplosiveLLC/RPG Character Mecanim Animation Pack FREE/Animations/2Hand-Sword/RPG-Character@2Hand-Sword-GetHit-F1.FBX
  artifactKey: Guid(861c5aaef9829104d9122fa96811dfb9) Importer(815301076,1909f56bfc062723c751e8b465ee728b)
Start importing Assets/ExplosiveLLC/RPG Character Mecanim Animation Pack FREE/Animations/2Hand-Sword/RPG-Character@2Hand-Sword-GetHit-F1.FBX using Guid(861c5aaef9829104d9122fa96811dfb9) Importer(815301076,1909f56bfc062723c751e8b465ee728b)  -> (artifact id: '44d2fadd31a7cb5f5116f9fec6ef22aa') in 0.013563 seconds 
========================================================================
Received Import Request.
  Time since last request: 0.000289 seconds.
  path: Assets/ExplosiveLLC/RPG Character Mecanim Animation Pack FREE/Animations/2Hand-Sword/RPG-Character@2Hand-Sword-GetHit-F2.FBX
  artifactKey: Guid(f8cbd01bd5b649048bf365e4ece13d69) Importer(815301076,1909f56bfc062723c751e8b465ee728b)
Start importing Assets/ExplosiveLLC/RPG Character Mecanim Animation Pack FREE/Animations/2Hand-Sword/RPG-Character@2Hand-Sword-GetHit-F2.FBX using Guid(f8cbd01bd5b649048bf365e4ece13d69) Importer(815301076,1909f56bfc062723c751e8b465ee728b)  -> (artifact id: '3d0c3810a8b26cdcd3b33696de75edfd') in 0.011911 seconds 
========================================================================
Received Import Request.
  Time since last request: 0.932936 seconds.
  path: Assets/ExplosiveLLC/RPG Character Mecanim Animation Pack FREE/Animations/2Hand-Sword/RPG-Character@2Hand-Sword-GetHit-L1.FBX
  artifactKey: Guid(0dd762bba3f94304ba04bda41e983fd2) Importer(815301076,1909f56bfc062723c751e8b465ee728b)
Start importing Assets/ExplosiveLLC/RPG Character Mecanim Animation Pack FREE/Animations/2Hand-Sword/RPG-Character@2Hand-Sword-GetHit-L1.FBX using Guid(0dd762bba3f94304ba04bda41e983fd2) Importer(815301076,1909f56bfc062723c751e8b465ee728b)  -> (artifact id: '96bb3d2426b18de7a6957994a2a96450') in 0.011232 seconds 
========================================================================
Received Import Request.
  Time since last request: 0.000263 seconds.
  path: Assets/ExplosiveLLC/RPG Character Mecanim Animation Pack FREE/Animations/2Hand-Sword/RPG-Character@2Hand-Sword-GetHit-R1.FBX
  artifactKey: Guid(f8f52c7095ad58f4493880a61c998ea1) Importer(815301076,1909f56bfc062723c751e8b465ee728b)
Start importing Assets/ExplosiveLLC/RPG Character Mecanim Animation Pack FREE/Animations/2Hand-Sword/RPG-Character@2Hand-Sword-GetHit-R1.FBX using Guid(f8f52c7095ad58f4493880a61c998ea1) Importer(815301076,1909f56bfc062723c751e8b465ee728b)  -> (artifact id: 'a99dfacad71d6050ec544db49c3b51d7') in 0.014443 seconds 
========================================================================
Received Import Request.
  Time since last request: 0.025718 seconds.
  path: Assets/ExplosiveLLC/RPG Character Mecanim Animation Pack FREE/Animations/2Hand-Sword/RPG-Character@2Hand-Sword-Getup1.FBX
  artifactKey: Guid(d63c8b6f3173d5e4f94e4df99263a5bf) Importer(815301076,1909f56bfc062723c751e8b465ee728b)
Start importing Assets/ExplosiveLLC/RPG Character Mecanim Animation Pack FREE/Animations/2Hand-Sword/RPG-Character@2Hand-Sword-Getup1.FBX using Guid(d63c8b6f3173d5e4f94e4df99263a5bf) Importer(815301076,1909f56bfc062723c751e8b465ee728b)  -> (artifact id: '6ecce638740e731f3ac0987a05f2ba77') in 0.012018 seconds 
========================================================================
Received Import Request.
  Time since last request: 0.000243 seconds.
  path: Assets/ExplosiveLLC/RPG Character Mecanim Animation Pack FREE/Animations/2Hand-Sword/RPG-Character@2Hand-Sword-Idle.FBX
  artifactKey: Guid(8370b4128ccb08c4a8944d3f0d66cebc) Importer(815301076,1909f56bfc062723c751e8b465ee728b)
Start importing Assets/ExplosiveLLC/RPG Character Mecanim Animation Pack FREE/Animations/2Hand-Sword/RPG-Character@2Hand-Sword-Idle.FBX using Guid(8370b4128ccb08c4a8944d3f0d66cebc) Importer(815301076,1909f56bfc062723c751e8b465ee728b)  -> (artifact id: '698d7f9f3f1f57e982ca2c7863354c75') in 0.013194 seconds 
========================================================================
Received Import Request.
  Time since last request: 1.416304 seconds.
  path: Assets/ExplosiveLLC/RPG Character Mecanim Animation Pack FREE/Animations/2Hand-Sword/RPG-Character@2Hand-Sword-Idle-Static.FBX
  artifactKey: Guid(d92b320e0a3d752489714ffe3c1b7f13) Importer(815301076,1909f56bfc062723c751e8b465ee728b)
Start importing Assets/ExplosiveLLC/RPG Character Mecanim Animation Pack FREE/Animations/2Hand-Sword/RPG-Character@2Hand-Sword-Idle-Static.FBX using Guid(d92b320e0a3d752489714ffe3c1b7f13) Importer(815301076,1909f56bfc062723c751e8b465ee728b)  -> (artifact id: '7f4a2300fe732b4ae217b3095b658405') in 0.010781 seconds 
========================================================================
Received Import Request.
  Time since last request: 0.000225 seconds.
  path: Assets/ExplosiveLLC/RPG Character Mecanim Animation Pack FREE/Animations/2Hand-Sword/RPG-Character@2Hand-Sword-Jump.FBX
  artifactKey: Guid(afd3b10eb71eaf54bb564f6cc703f2cc) Importer(815301076,1909f56bfc062723c751e8b465ee728b)
Start importing Assets/ExplosiveLLC/RPG Character Mecanim Animation Pack FREE/Animations/2Hand-Sword/RPG-Character@2Hand-Sword-Jump.FBX using Guid(afd3b10eb71eaf54bb564f6cc703f2cc) Importer(815301076,1909f56bfc062723c751e8b465ee728b)  -> (artifact id: '97187768ca4873d87011e3974491d25b') in 0.011746 seconds 
========================================================================
Received Import Request.
  Time since last request: 1.685882 seconds.
  path: Assets/ExplosiveLLC/RPG Character Mecanim Animation Pack FREE/Animations/2Hand-Sword/RPG-Character@2Hand-Sword-Jump-Flip.FBX
  artifactKey: Guid(806ec0312335dcd4aa59baadbf13ff9d) Importer(815301076,1909f56bfc062723c751e8b465ee728b)
Start importing Assets/ExplosiveLLC/RPG Character Mecanim Animation Pack FREE/Animations/2Hand-Sword/RPG-Character@2Hand-Sword-Jump-Flip.FBX using Guid(806ec0312335dcd4aa59baadbf13ff9d) Importer(815301076,1909f56bfc062723c751e8b465ee728b)  -> (artifact id: '02cd944b21f4be755adde6a4115aab3d') in 0.012034 seconds 
========================================================================
Received Import Request.
  Time since last request: 0.000224 seconds.
  path: Assets/ExplosiveLLC/RPG Character Mecanim Animation Pack FREE/Animations/2Hand-Sword/RPG-Character@2Hand-Sword-Knockback-Back1.FBX
  artifactKey: Guid(03a1982862fcaba4db62d74a5596d8fe) Importer(815301076,1909f56bfc062723c751e8b465ee728b)
Start importing Assets/ExplosiveLLC/RPG Character Mecanim Animation Pack FREE/Animations/2Hand-Sword/RPG-Character@2Hand-Sword-Knockback-Back1.FBX using Guid(03a1982862fcaba4db62d74a5596d8fe) Importer(815301076,1909f56bfc062723c751e8b465ee728b)  -> (artifact id: 'da0f3b509b27f9467d854e603ffda72c') in 0.013032 seconds 
========================================================================
Received Import Request.
  Time since last request: 0.047752 seconds.
  path: Assets/ExplosiveLLC/RPG Character Mecanim Animation Pack FREE/Animations/2Hand-Sword/RPG-Character@2Hand-Sword-Knockback-Back2.FBX
  artifactKey: Guid(d66336446112a1942a204cd1780bc422) Importer(815301076,1909f56bfc062723c751e8b465ee728b)
Start importing Assets/ExplosiveLLC/RPG Character Mecanim Animation Pack FREE/Animations/2Hand-Sword/RPG-Character@2Hand-Sword-Knockback-Back2.FBX using Guid(d66336446112a1942a204cd1780bc422) Importer(815301076,1909f56bfc062723c751e8b465ee728b)  -> (artifact id: '9f45660ea0a735a354ad745ff929ef36') in 0.011659 seconds 
========================================================================
Received Import Request.
  Time since last request: 0.000272 seconds.
  path: Assets/ExplosiveLLC/RPG Character Mecanim Animation Pack FREE/Animations/2Hand-Sword/RPG-Character@2Hand-Sword-Knockdown1.FBX
  artifactKey: Guid(35512810a6874a749a590d405f34fa4a) Importer(815301076,1909f56bfc062723c751e8b465ee728b)
Start importing Assets/ExplosiveLLC/RPG Character Mecanim Animation Pack FREE/Animations/2Hand-Sword/RPG-Character@2Hand-Sword-Knockdown1.FBX using Guid(35512810a6874a749a590d405f34fa4a) Importer(815301076,1909f56bfc062723c751e8b465ee728b)  -> (artifact id: '1f581c16aae3e807698410088e2401b3') in 0.011322 seconds 
========================================================================
Received Import Request.
  Time since last request: 1.876822 seconds.
  path: Assets/ExplosiveLLC/RPG Character Mecanim Animation Pack FREE/Animations/2Hand-Sword/RPG-Character@2Hand-Sword-Land.FBX
  artifactKey: Guid(37e4532405deab74581ed8fe01091a02) Importer(815301076,1909f56bfc062723c751e8b465ee728b)
Start importing Assets/ExplosiveLLC/RPG Character Mecanim Animation Pack FREE/Animations/2Hand-Sword/RPG-Character@2Hand-Sword-Land.FBX using Guid(37e4532405deab74581ed8fe01091a02) Importer(815301076,1909f56bfc062723c751e8b465ee728b)  -> (artifact id: '8de35e7c881f026c1214d1ee43ec4dc0') in 0.010700 seconds 
========================================================================
Received Import Request.
  Time since last request: 0.000249 seconds.
  path: Assets/ExplosiveLLC/RPG Character Mecanim Animation Pack FREE/Animations/2Hand-Sword/RPG-Character@2Hand-Sword-Run-Backward.FBX
  artifactKey: Guid(925f58245af13ab4ca49dc43d12de4bd) Importer(815301076,1909f56bfc062723c751e8b465ee728b)
Start importing Assets/ExplosiveLLC/RPG Character Mecanim Animation Pack FREE/Animations/2Hand-Sword/RPG-Character@2Hand-Sword-Run-Backward.FBX using Guid(925f58245af13ab4ca49dc43d12de4bd) Importer(815301076,1909f56bfc062723c751e8b465ee728b)  -> (artifact id: 'c1960530f63f2df06881e6a95707cdfb') in 0.013816 seconds 
========================================================================
Received Import Request.
  Time since last request: 1.627978 seconds.
  path: Assets/ExplosiveLLC/RPG Character Mecanim Animation Pack FREE/Animations/2Hand-Sword/RPG-Character@2Hand-Sword-Run-Backward-Left.FBX
  artifactKey: Guid(f236bd11eedda7b4a94f6e8159190ba7) Importer(815301076,1909f56bfc062723c751e8b465ee728b)
Start importing Assets/ExplosiveLLC/RPG Character Mecanim Animation Pack FREE/Animations/2Hand-Sword/RPG-Character@2Hand-Sword-Run-Backward-Left.FBX using Guid(f236bd11eedda7b4a94f6e8159190ba7) Importer(815301076,1909f56bfc062723c751e8b465ee728b)  -> (artifact id: '9382a9365c7ff53cb95bc48e0e949fd6') in 0.011527 seconds 
========================================================================
Received Import Request.
  Time since last request: 0.000227 seconds.
  path: Assets/ExplosiveLLC/RPG Character Mecanim Animation Pack FREE/Animations/2Hand-Sword/RPG-Character@2Hand-Sword-Run-Backward-Right.FBX
  artifactKey: Guid(d65ec2c9f53fdc64b96afdffc672db1b) Importer(815301076,1909f56bfc062723c751e8b465ee728b)
Start importing Assets/ExplosiveLLC/RPG Character Mecanim Animation Pack FREE/Animations/2Hand-Sword/RPG-Character@2Hand-Sword-Run-Backward-Right.FBX using Guid(d65ec2c9f53fdc64b96afdffc672db1b) Importer(815301076,1909f56bfc062723c751e8b465ee728b)  -> (artifact id: 'e594ac23d7404227f23dad3e2235e2a7') in 0.012186 seconds 
========================================================================
Received Import Request.
  Time since last request: 0.027104 seconds.
  path: Assets/ExplosiveLLC/RPG Character Mecanim Animation Pack FREE/Animations/2Hand-Sword/RPG-Character@2Hand-Sword-Run-Forward.FBX
  artifactKey: Guid(0000872662c8fb241bf2ab6cc00dd461) Importer(815301076,1909f56bfc062723c751e8b465ee728b)
Start importing Assets/ExplosiveLLC/RPG Character Mecanim Animation Pack FREE/Animations/2Hand-Sword/RPG-Character@2Hand-Sword-Run-Forward.FBX using Guid(0000872662c8fb241bf2ab6cc00dd461) Importer(815301076,1909f56bfc062723c751e8b465ee728b)  -> (artifact id: 'a5a884b2565cd6bf2e92f6606d3498b2') in 0.011610 seconds 
========================================================================
Received Import Request.
  Time since last request: 0.000256 seconds.
  path: Assets/ExplosiveLLC/RPG Character Mecanim Animation Pack FREE/Animations/2Hand-Sword/RPG-Character@2Hand-Sword-Run-Forward-Attack1.FBX
  artifactKey: Guid(322adb187b75a0848857a892aacf048c) Importer(815301076,1909f56bfc062723c751e8b465ee728b)
Start importing Assets/ExplosiveLLC/RPG Character Mecanim Animation Pack FREE/Animations/2Hand-Sword/RPG-Character@2Hand-Sword-Run-Forward-Attack1.FBX using Guid(322adb187b75a0848857a892aacf048c) Importer(815301076,1909f56bfc062723c751e8b465ee728b)  -> (artifact id: 'efff44736cdd3ca8d46cc312262b68b5') in 0.012326 seconds 
========================================================================
Received Import Request.
  Time since last request: 0.859340 seconds.
  path: Assets/ExplosiveLLC/RPG Character Mecanim Animation Pack FREE/Animations/2Hand-Sword/RPG-Character@2Hand-Sword-Run-Forward-Left.FBX
  artifactKey: Guid(32957294cfc93ef4e884f97be3cfcc5c) Importer(815301076,1909f56bfc062723c751e8b465ee728b)
Start importing Assets/ExplosiveLLC/RPG Character Mecanim Animation Pack FREE/Animations/2Hand-Sword/RPG-Character@2Hand-Sword-Run-Forward-Left.FBX using Guid(32957294cfc93ef4e884f97be3cfcc5c) Importer(815301076,1909f56bfc062723c751e8b465ee728b)  -> (artifact id: '983df993bcd37c410c35a2872794609a') in 0.012161 seconds 
========================================================================
Received Import Request.
  Time since last request: 0.000255 seconds.
  path: Assets/ExplosiveLLC/RPG Character Mecanim Animation Pack FREE/Animations/2Hand-Sword/RPG-Character@2Hand-Sword-Run-Forward-Right.FBX
  artifactKey: Guid(37c07d628323ea840be5e1121cfad228) Importer(815301076,1909f56bfc062723c751e8b465ee728b)
Start importing Assets/ExplosiveLLC/RPG Character Mecanim Animation Pack FREE/Animations/2Hand-Sword/RPG-Character@2Hand-Sword-Run-Forward-Right.FBX using Guid(37c07d628323ea840be5e1121cfad228) Importer(815301076,1909f56bfc062723c751e8b465ee728b)  -> (artifact id: 'c4874dab9f1d07548688670f858d7e76') in 0.015752 seconds 
========================================================================
Received Import Request.
  Time since last request: 0.022840 seconds.
  path: Assets/ExplosiveLLC/RPG Character Mecanim Animation Pack FREE/Animations/2Hand-Sword/RPG-Character@2Hand-Sword-Run-Left.FBX
  artifactKey: Guid(1be3ff3375b4baa4a96dee49e98c944d) Importer(815301076,1909f56bfc062723c751e8b465ee728b)
Start importing Assets/ExplosiveLLC/RPG Character Mecanim Animation Pack FREE/Animations/2Hand-Sword/RPG-Character@2Hand-Sword-Run-Left.FBX using Guid(1be3ff3375b4baa4a96dee49e98c944d) Importer(815301076,1909f56bfc062723c751e8b465ee728b)  -> (artifact id: '940ea1a8a117de9fb0f772f786fdb56d') in 0.012572 seconds 
========================================================================
Received Import Request.
  Time since last request: 0.000240 seconds.
  path: Assets/ExplosiveLLC/RPG Character Mecanim Animation Pack FREE/Animations/2Hand-Sword/RPG-Character@2Hand-Sword-Run-Right.FBX
  artifactKey: Guid(4f39d99d24b158847b8ff563126be238) Importer(815301076,1909f56bfc062723c751e8b465ee728b)
Start importing Assets/ExplosiveLLC/RPG Character Mecanim Animation Pack FREE/Animations/2Hand-Sword/RPG-Character@2Hand-Sword-Run-Right.FBX using Guid(4f39d99d24b158847b8ff563126be238) Importer(815301076,1909f56bfc062723c751e8b465ee728b)  -> (artifact id: '24e737657dd29d39c92e39a3dc459c7c') in 0.011731 seconds 
========================================================================
Received Import Request.
  Time since last request: 0.000782 seconds.
  path: Assets/ExplosiveLLC/RPG Character Mecanim Animation Pack FREE/Animations/2Hand-Sword/RPG-Character@2Hand-Sword-Sheath-Back-Unarmed.FBX
  artifactKey: Guid(4638ca7fe98a28044a1dd9205af58dea) Importer(815301076,1909f56bfc062723c751e8b465ee728b)
Start importing Assets/ExplosiveLLC/RPG Character Mecanim Animation Pack FREE/Animations/2Hand-Sword/RPG-Character@2Hand-Sword-Sheath-Back-Unarmed.FBX using Guid(4638ca7fe98a28044a1dd9205af58dea) Importer(815301076,1909f56bfc062723c751e8b465ee728b)  -> (artifact id: '4e2caab1182e4045f8375f9c12a66b16') in 0.011959 seconds 
========================================================================
Received Import Request.
  Time since last request: 0.000308 seconds.
  path: Assets/ExplosiveLLC/RPG Character Mecanim Animation Pack FREE/Animations/2Hand-Sword/RPG-Character@2Hand-Sword-Strafe-Backward.FBX
  artifactKey: Guid(49c8b0222c69c4441a9b6a085641e4eb) Importer(815301076,1909f56bfc062723c751e8b465ee728b)
Start importing Assets/ExplosiveLLC/RPG Character Mecanim Animation Pack FREE/Animations/2Hand-Sword/RPG-Character@2Hand-Sword-Strafe-Backward.FBX using Guid(49c8b0222c69c4441a9b6a085641e4eb) Importer(815301076,1909f56bfc062723c751e8b465ee728b)  -> (artifact id: 'b341c0c76fe79af0679f7f68358bcff2') in 0.012188 seconds 
========================================================================
Received Import Request.
  Time since last request: 0.567089 seconds.
  path: Assets/ExplosiveLLC/RPG Character Mecanim Animation Pack FREE/Animations/2Hand-Sword/RPG-Character@2Hand-Sword-Strafe-Backward-Left.FBX
  artifactKey: Guid(acbd8f9ef088d1f448b9640e40278752) Importer(815301076,1909f56bfc062723c751e8b465ee728b)
Start importing Assets/ExplosiveLLC/RPG Character Mecanim Animation Pack FREE/Animations/2Hand-Sword/RPG-Character@2Hand-Sword-Strafe-Backward-Left.FBX using Guid(acbd8f9ef088d1f448b9640e40278752) Importer(815301076,1909f56bfc062723c751e8b465ee728b)  -> (artifact id: '023cca7d7254bea9e942d39c66b1d1f0') in 0.011062 seconds 
========================================================================
Received Import Request.
  Time since last request: 0.000251 seconds.
  path: Assets/ExplosiveLLC/RPG Character Mecanim Animation Pack FREE/Animations/2Hand-Sword/RPG-Character@2Hand-Sword-Strafe-Backward-Right.FBX
  artifactKey: Guid(0b57817742a7a134a8e4ff2c3594632d) Importer(815301076,1909f56bfc062723c751e8b465ee728b)
Start importing Assets/ExplosiveLLC/RPG Character Mecanim Animation Pack FREE/Animations/2Hand-Sword/RPG-Character@2Hand-Sword-Strafe-Backward-Right.FBX using Guid(0b57817742a7a134a8e4ff2c3594632d) Importer(815301076,1909f56bfc062723c751e8b465ee728b)  -> (artifact id: 'bab2ad3de5cea7ec5f1795fc126f4910') in 0.012877 seconds 
========================================================================
Received Import Request.
  Time since last request: 0.064337 seconds.
  path: Assets/ExplosiveLLC/RPG Character Mecanim Animation Pack FREE/Animations/2Hand-Sword/RPG-Character@2Hand-Sword-Strafe-Forward.FBX
  artifactKey: Guid(bcdf2d620dd35934e916526972be7006) Importer(815301076,1909f56bfc062723c751e8b465ee728b)
Start importing Assets/ExplosiveLLC/RPG Character Mecanim Animation Pack FREE/Animations/2Hand-Sword/RPG-Character@2Hand-Sword-Strafe-Forward.FBX using Guid(bcdf2d620dd35934e916526972be7006) Importer(815301076,1909f56bfc062723c751e8b465ee728b)  -> (artifact id: 'cfc04392a8569816743f26bd0573f0f8') in 0.010846 seconds 
========================================================================
Received Import Request.
  Time since last request: 0.000277 seconds.
  path: Assets/ExplosiveLLC/RPG Character Mecanim Animation Pack FREE/Animations/2Hand-Sword/RPG-Character@2Hand-Sword-Strafe-Forward-Left.FBX
  artifactKey: Guid(6d4445dc5e9a1244583189ebc92cc474) Importer(815301076,1909f56bfc062723c751e8b465ee728b)
Start importing Assets/ExplosiveLLC/RPG Character Mecanim Animation Pack FREE/Animations/2Hand-Sword/RPG-Character@2Hand-Sword-Strafe-Forward-Left.FBX using Guid(6d4445dc5e9a1244583189ebc92cc474) Importer(815301076,1909f56bfc062723c751e8b465ee728b)  -> (artifact id: 'ea9406eceab889c97addb6c842bf1777') in 0.012737 seconds 
========================================================================
Received Import Request.
  Time since last request: 1.135035 seconds.
  path: Assets/ExplosiveLLC/RPG Character Mecanim Animation Pack FREE/Animations/2Hand-Sword/RPG-Character@2Hand-Sword-Strafe-Forward-Right.FBX
  artifactKey: Guid(e4b4867631827db41850aae9ad2a4014) Importer(815301076,1909f56bfc062723c751e8b465ee728b)
Start importing Assets/ExplosiveLLC/RPG Character Mecanim Animation Pack FREE/Animations/2Hand-Sword/RPG-Character@2Hand-Sword-Strafe-Forward-Right.FBX using Guid(e4b4867631827db41850aae9ad2a4014) Importer(815301076,1909f56bfc062723c751e8b465ee728b)  -> (artifact id: '4ba3cf786bfe827bcc8e66d2939f4801') in 0.011344 seconds 
========================================================================
Received Import Request.
  Time since last request: 0.000233 seconds.
  path: Assets/ExplosiveLLC/RPG Character Mecanim Animation Pack FREE/Animations/2Hand-Sword/RPG-Character@2Hand-Sword-Strafe-Left.FBX
  artifactKey: Guid(5138183205551c5448d78f2f2e6aaa56) Importer(815301076,1909f56bfc062723c751e8b465ee728b)
Start importing Assets/ExplosiveLLC/RPG Character Mecanim Animation Pack FREE/Animations/2Hand-Sword/RPG-Character@2Hand-Sword-Strafe-Left.FBX using Guid(5138183205551c5448d78f2f2e6aaa56) Importer(815301076,1909f56bfc062723c751e8b465ee728b)  -> (artifact id: 'd4bd66ade185950a50545024c6f4134b') in 0.011739 seconds 
========================================================================
Received Import Request.
  Time since last request: 0.048613 seconds.
  path: Assets/ExplosiveLLC/RPG Character Mecanim Animation Pack FREE/Animations/2Hand-Sword/RPG-Character@2Hand-Sword-Strafe-Right.FBX
  artifactKey: Guid(9f2cd5651f41077488b70ee6fb92ad24) Importer(815301076,1909f56bfc062723c751e8b465ee728b)
Start importing Assets/ExplosiveLLC/RPG Character Mecanim Animation Pack FREE/Animations/2Hand-Sword/RPG-Character@2Hand-Sword-Strafe-Right.FBX using Guid(9f2cd5651f41077488b70ee6fb92ad24) Importer(815301076,1909f56bfc062723c751e8b465ee728b)  -> (artifact id: '96434f6151411f0babb1cd64e3938571') in 0.011398 seconds 
========================================================================
Received Import Request.
  Time since last request: 0.000230 seconds.
  path: Assets/ExplosiveLLC/RPG Character Mecanim Animation Pack FREE/Animations/2Hand-Sword/RPG-Character@2Hand-Sword-Unsheath-Back-Unarmed.FBX
  artifactKey: Guid(f95c96d798bb3b14c8087b88ad5c9f5d) Importer(815301076,1909f56bfc062723c751e8b465ee728b)
Start importing Assets/ExplosiveLLC/RPG Character Mecanim Animation Pack FREE/Animations/2Hand-Sword/RPG-Character@2Hand-Sword-Unsheath-Back-Unarmed.FBX using Guid(f95c96d798bb3b14c8087b88ad5c9f5d) Importer(815301076,1909f56bfc062723c751e8b465ee728b)  -> (artifact id: 'ed0cec82c2226f26116b4bb692006f99') in 0.012378 seconds 
========================================================================
Received Import Request.
  Time since last request: 1.303014 seconds.
  path: Assets/ExplosiveLLC/RPG Character Mecanim Animation Pack FREE/Animations/2Hand-Sword/RPG-Character@2Hand-Sword-Walk.FBX
  artifactKey: Guid(3c23279e3e02346458b3f82bb43abf94) Importer(815301076,1909f56bfc062723c751e8b465ee728b)
Start importing Assets/ExplosiveLLC/RPG Character Mecanim Animation Pack FREE/Animations/2Hand-Sword/RPG-Character@2Hand-Sword-Walk.FBX using Guid(3c23279e3e02346458b3f82bb43abf94) Importer(815301076,1909f56bfc062723c751e8b465ee728b)  -> (artifact id: '887f03775eb63f68340d6e9b5eee1fe2') in 0.012175 seconds 
========================================================================
Received Import Request.
  Time since last request: 0.000255 seconds.
  path: Assets/ExplosiveLLC/RPG Character Mecanim Animation Pack FREE/Animations/2Hand-Sword/RPG-Character@2Hand-Sword-Walk-Slow.FBX
  artifactKey: Guid(d3b47d322cc86f44fb9f2ea82ed45449) Importer(815301076,1909f56bfc062723c751e8b465ee728b)
Start importing Assets/ExplosiveLLC/RPG Character Mecanim Animation Pack FREE/Animations/2Hand-Sword/RPG-Character@2Hand-Sword-Walk-Slow.FBX using Guid(d3b47d322cc86f44fb9f2ea82ed45449) Importer(815301076,1909f56bfc062723c751e8b465ee728b)  -> (artifact id: '824a559ee870429698b390dd0a4b1fbb') in 0.012815 seconds 
========================================================================
Received Import Request.
  Time since last request: 0.024287 seconds.
  path: Assets/ExplosiveLLC/Demo Elements/Models/Nav.FBX
  artifactKey: Guid(f8e7c224ec81b2545b36bb7bedff3740) Importer(815301076,1909f56bfc062723c751e8b465ee728b)
Start importing Assets/ExplosiveLLC/Demo Elements/Models/Nav.FBX using Guid(f8e7c224ec81b2545b36bb7bedff3740) Importer(815301076,1909f56bfc062723c751e8b465ee728b)  -> (artifact id: '6b4998df67af47f464de2e52ef6990c2') in 0.077194 seconds 
========================================================================
Received Import Request.
  Time since last request: 0.000232 seconds.
  path: Assets/ExplosiveLLC/Demo Elements/Models/Target.FBX
  artifactKey: Guid(c82005efa6bc65e4c838bdcfb57759d7) Importer(815301076,1909f56bfc062723c751e8b465ee728b)
Start importing Assets/ExplosiveLLC/Demo Elements/Models/Target.FBX using Guid(c82005efa6bc65e4c838bdcfb57759d7) Importer(815301076,1909f56bfc062723c751e8b465ee728b)  -> (artifact id: 'dcbec6de41a83eb8c9d1e8bef0151366') in 0.016778 seconds 
========================================================================
Received Import Request.
  Time since last request: 1.491085 seconds.
  path: Assets/ExplosiveLLC/RPG Character Mecanim Animation Pack FREE/Animations/Unarmed/RPG-Character@Unarmed-Attack-L1.FBX
  artifactKey: Guid(95dc4fbaa01379f4f908847fb44054d4) Importer(815301076,1909f56bfc062723c751e8b465ee728b)
Start importing Assets/ExplosiveLLC/RPG Character Mecanim Animation Pack FREE/Animations/Unarmed/RPG-Character@Unarmed-Attack-L1.FBX using Guid(95dc4fbaa01379f4f908847fb44054d4) Importer(815301076,1909f56bfc062723c751e8b465ee728b)  -> (artifact id: 'a069a211ad86b614465ae8d618b75369') in 0.011516 seconds 
========================================================================
Received Import Request.
  Time since last request: 0.000316 seconds.
  path: Assets/ExplosiveLLC/RPG Character Mecanim Animation Pack FREE/Animations/Unarmed/RPG-Character@Unarmed-Attack-L2.FBX
  artifactKey: Guid(69f3b1b43eb337548a8633b7b82d6fc6) Importer(815301076,1909f56bfc062723c751e8b465ee728b)
Start importing Assets/ExplosiveLLC/RPG Character Mecanim Animation Pack FREE/Animations/Unarmed/RPG-Character@Unarmed-Attack-L2.FBX using Guid(69f3b1b43eb337548a8633b7b82d6fc6) Importer(815301076,1909f56bfc062723c751e8b465ee728b)  -> (artifact id: '11a7cf8d40613f487e260db559639bfb') in 0.012827 seconds 
========================================================================
Received Import Request.
  Time since last request: 0.023628 seconds.
  path: Assets/ExplosiveLLC/RPG Character Mecanim Animation Pack FREE/Animations/Unarmed/RPG-Character@Unarmed-Attack-L3.FBX
  artifactKey: Guid(1315bcd7509173f44bc6655b2673dd4d) Importer(815301076,1909f56bfc062723c751e8b465ee728b)
Start importing Assets/ExplosiveLLC/RPG Character Mecanim Animation Pack FREE/Animations/Unarmed/RPG-Character@Unarmed-Attack-L3.FBX using Guid(1315bcd7509173f44bc6655b2673dd4d) Importer(815301076,1909f56bfc062723c751e8b465ee728b)  -> (artifact id: '509938c9b37d636e66a01c03a9feeaac') in 0.011303 seconds 
========================================================================
Received Import Request.
  Time since last request: 0.000251 seconds.
  path: Assets/ExplosiveLLC/RPG Character Mecanim Animation Pack FREE/Animations/Unarmed/RPG-Character@Unarmed-Attack-R1.FBX
  artifactKey: Guid(ce17781955d25c647922801319f24e9e) Importer(815301076,1909f56bfc062723c751e8b465ee728b)
Start importing Assets/ExplosiveLLC/RPG Character Mecanim Animation Pack FREE/Animations/Unarmed/RPG-Character@Unarmed-Attack-R1.FBX using Guid(ce17781955d25c647922801319f24e9e) Importer(815301076,1909f56bfc062723c751e8b465ee728b)  -> (artifact id: '2660dd32dec4f2a4238e0777d9632fe6') in 0.011483 seconds 
========================================================================
Received Import Request.
  Time since last request: 1.862362 seconds.
  path: Assets/ExplosiveLLC/RPG Character Mecanim Animation Pack FREE/Animations/Unarmed/RPG-Character@Unarmed-Attack-R2.FBX
  artifactKey: Guid(8b4aea68a09b24149ab89408f7199bb1) Importer(815301076,1909f56bfc062723c751e8b465ee728b)
Start importing Assets/ExplosiveLLC/RPG Character Mecanim Animation Pack FREE/Animations/Unarmed/RPG-Character@Unarmed-Attack-R2.FBX using Guid(8b4aea68a09b24149ab89408f7199bb1) Importer(815301076,1909f56bfc062723c751e8b465ee728b)  -> (artifact id: '52ba259ac09e88256c53af66f1f81339') in 0.011819 seconds 
========================================================================
Received Import Request.
  Time since last request: 0.000286 seconds.
  path: Assets/ExplosiveLLC/RPG Character Mecanim Animation Pack FREE/Animations/Unarmed/RPG-Character@Unarmed-Attack-R3.FBX
  artifactKey: Guid(3414c515c6a2f334da03b4ab3d547691) Importer(815301076,1909f56bfc062723c751e8b465ee728b)
Start importing Assets/ExplosiveLLC/RPG Character Mecanim Animation Pack FREE/Animations/Unarmed/RPG-Character@Unarmed-Attack-R3.FBX using Guid(3414c515c6a2f334da03b4ab3d547691) Importer(815301076,1909f56bfc062723c751e8b465ee728b)  -> (artifact id: 'a49919bc6cfa5e71a8e62945313d91c3') in 0.010991 seconds 
========================================================================
Received Import Request.
  Time since last request: 0.000255 seconds.
  path: Assets/ExplosiveLLC/RPG Character Mecanim Animation Pack FREE/Animations/Unarmed/RPG-Character@Unarmed-DiveRoll-Forward1.FBX
  artifactKey: Guid(d05e1e87bea596f49b01fedb8c7da04c) Importer(815301076,1909f56bfc062723c751e8b465ee728b)
Start importing Assets/ExplosiveLLC/RPG Character Mecanim Animation Pack FREE/Animations/Unarmed/RPG-Character@Unarmed-DiveRoll-Forward1.FBX using Guid(d05e1e87bea596f49b01fedb8c7da04c) Importer(815301076,1909f56bfc062723c751e8b465ee728b)  -> (artifact id: '78bedd8841e25a52a52560110b72d0cc') in 0.011664 seconds 
========================================================================
Received Import Request.
  Time since last request: 0.000246 seconds.
  path: Assets/ExplosiveLLC/RPG Character Mecanim Animation Pack FREE/Animations/Unarmed/RPG-Character@Unarmed-GetHit-B1.FBX
  artifactKey: Guid(f2283fcc1389144489d8a3ed7a005b1c) Importer(815301076,1909f56bfc062723c751e8b465ee728b)
Start importing Assets/ExplosiveLLC/RPG Character Mecanim Animation Pack FREE/Animations/Unarmed/RPG-Character@Unarmed-GetHit-B1.FBX using Guid(f2283fcc1389144489d8a3ed7a005b1c) Importer(815301076,1909f56bfc062723c751e8b465ee728b)  -> (artifact id: 'a6d86a6fb12569fc9b328b701391cd7f') in 0.011181 seconds 
========================================================================
Received Import Request.
  Time since last request: 0.000221 seconds.
  path: Assets/ExplosiveLLC/RPG Character Mecanim Animation Pack FREE/Animations/Unarmed/RPG-Character@Unarmed-Fall.FBX
  artifactKey: Guid(8164d5f25ce079442917b5582dfdbf2b) Importer(815301076,1909f56bfc062723c751e8b465ee728b)
Start importing Assets/ExplosiveLLC/RPG Character Mecanim Animation Pack FREE/Animations/Unarmed/RPG-Character@Unarmed-Fall.FBX using Guid(8164d5f25ce079442917b5582dfdbf2b) Importer(815301076,1909f56bfc062723c751e8b465ee728b)  -> (artifact id: 'f33052559d2ee836dab66014606dc934') in 0.011267 seconds 
========================================================================
Received Import Request.
  Time since last request: 0.000249 seconds.
  path: Assets/ExplosiveLLC/RPG Character Mecanim Animation Pack FREE/Animations/Unarmed/RPG-Character@Unarmed-GetHit-F1.FBX
  artifactKey: Guid(77214854f62866c4db0d2b1999fcdf96) Importer(815301076,1909f56bfc062723c751e8b465ee728b)
Start importing Assets/ExplosiveLLC/RPG Character Mecanim Animation Pack FREE/Animations/Unarmed/RPG-Character@Unarmed-GetHit-F1.FBX using Guid(77214854f62866c4db0d2b1999fcdf96) Importer(815301076,1909f56bfc062723c751e8b465ee728b)  -> (artifact id: '0def1e0c41171fda6a0e13e97063140e') in 0.011763 seconds 
========================================================================
Received Import Request.
  Time since last request: 0.000238 seconds.
  path: Assets/ExplosiveLLC/RPG Character Mecanim Animation Pack FREE/Animations/Unarmed/RPG-Character@Unarmed-Getup1.FBX
  artifactKey: Guid(aee3a8eae90af134a88f3b6209e7cbdc) Importer(815301076,1909f56bfc062723c751e8b465ee728b)
Start importing Assets/ExplosiveLLC/RPG Character Mecanim Animation Pack FREE/Animations/Unarmed/RPG-Character@Unarmed-Getup1.FBX using Guid(aee3a8eae90af134a88f3b6209e7cbdc) Importer(815301076,1909f56bfc062723c751e8b465ee728b)  -> (artifact id: 'fdc14e05ff494634df0697bf750a6dfd') in 0.013576 seconds 
========================================================================
Received Import Request.
  Time since last request: 0.000245 seconds.
  path: Assets/ExplosiveLLC/RPG Character Mecanim Animation Pack FREE/Animations/Unarmed/RPG-Character@Unarmed-GetHit-R1.FBX
  artifactKey: Guid(4a8c4ee06f0c2c942b970ffc15726000) Importer(815301076,1909f56bfc062723c751e8b465ee728b)
Start importing Assets/ExplosiveLLC/RPG Character Mecanim Animation Pack FREE/Animations/Unarmed/RPG-Character@Unarmed-GetHit-R1.FBX using Guid(4a8c4ee06f0c2c942b970ffc15726000) Importer(815301076,1909f56bfc062723c751e8b465ee728b)  -> (artifact id: 'ab5f5cbdf0fea18ac1c38cc6e6c237ba') in 0.011448 seconds 
========================================================================
Received Import Request.
  Time since last request: 0.000258 seconds.
  path: Assets/ExplosiveLLC/RPG Character Mecanim Animation Pack FREE/Animations/Unarmed/RPG-Character@Unarmed-GetHit-F2.FBX
  artifactKey: Guid(acbe57a104d8c114c8487055894b3188) Importer(815301076,1909f56bfc062723c751e8b465ee728b)
Start importing Assets/ExplosiveLLC/RPG Character Mecanim Animation Pack FREE/Animations/Unarmed/RPG-Character@Unarmed-GetHit-F2.FBX using Guid(acbe57a104d8c114c8487055894b3188) Importer(815301076,1909f56bfc062723c751e8b465ee728b)  -> (artifact id: '6ee95c70ac4595fac3409c07bf225760') in 0.012082 seconds 
========================================================================
Received Import Request.
  Time since last request: 0.000269 seconds.
  path: Assets/ExplosiveLLC/RPG Character Mecanim Animation Pack FREE/Animations/Unarmed/RPG-Character@Unarmed-GetHit-L1.FBX
  artifactKey: Guid(e6b48830c0e82694daca1c0281422e0e) Importer(815301076,1909f56bfc062723c751e8b465ee728b)
Start importing Assets/ExplosiveLLC/RPG Character Mecanim Animation Pack FREE/Animations/Unarmed/RPG-Character@Unarmed-GetHit-L1.FBX using Guid(e6b48830c0e82694daca1c0281422e0e) Importer(815301076,1909f56bfc062723c751e8b465ee728b)  -> (artifact id: '9d126698eeba41b576ba3e60eacbdad9') in 0.012102 seconds 
========================================================================
Received Import Request.
  Time since last request: 0.105833 seconds.
  path: Assets/ExplosiveLLC/RPG Character Mecanim Animation Pack FREE/Animations/Unarmed/RPG-Character@Unarmed-Idle.FBX
  artifactKey: Guid(94c75858633b4e04f9e28db3b52b2bba) Importer(815301076,1909f56bfc062723c751e8b465ee728b)
Start importing Assets/ExplosiveLLC/RPG Character Mecanim Animation Pack FREE/Animations/Unarmed/RPG-Character@Unarmed-Idle.FBX using Guid(94c75858633b4e04f9e28db3b52b2bba) Importer(815301076,1909f56bfc062723c751e8b465ee728b)  -> (artifact id: '6834fc0964f18d86c3d7d9b9ebcedb11') in 0.015791 seconds 
========================================================================
Received Import Request.
  Time since last request: 0.000387 seconds.
  path: Assets/ExplosiveLLC/RPG Character Mecanim Animation Pack FREE/Animations/Unarmed/RPG-Character@Unarmed-Jump-Flip.FBX
  artifactKey: Guid(79e31c86fd172bc439fb920de8bae7c5) Importer(815301076,1909f56bfc062723c751e8b465ee728b)
Start importing Assets/ExplosiveLLC/RPG Character Mecanim Animation Pack FREE/Animations/Unarmed/RPG-Character@Unarmed-Jump-Flip.FBX using Guid(79e31c86fd172bc439fb920de8bae7c5) Importer(815301076,1909f56bfc062723c751e8b465ee728b)  -> (artifact id: 'd20d65acc94e309c2e6735e2b9e1eb21') in 0.014110 seconds 
========================================================================
Received Import Request.
  Time since last request: 0.000241 seconds.
  path: Assets/ExplosiveLLC/RPG Character Mecanim Animation Pack FREE/Animations/Unarmed/RPG-Character@Unarmed-Idle-Static.FBX
  artifactKey: Guid(8043696a9af6e2947bf6bcbd25ecf2d9) Importer(815301076,1909f56bfc062723c751e8b465ee728b)
Start importing Assets/ExplosiveLLC/RPG Character Mecanim Animation Pack FREE/Animations/Unarmed/RPG-Character@Unarmed-Idle-Static.FBX using Guid(8043696a9af6e2947bf6bcbd25ecf2d9) Importer(815301076,1909f56bfc062723c751e8b465ee728b)  -> (artifact id: '556bee0124680624dcb94822c003a8a7') in 0.012185 seconds 
========================================================================
Received Import Request.
  Time since last request: 0.000163 seconds.
  path: Assets/ExplosiveLLC/RPG Character Mecanim Animation Pack FREE/Animations/Unarmed/RPG-Character@Unarmed-Knockback-Back2.FBX
  artifactKey: Guid(00da53bccc2999e4f82c7868a620854c) Importer(815301076,1909f56bfc062723c751e8b465ee728b)
Start importing Assets/ExplosiveLLC/RPG Character Mecanim Animation Pack FREE/Animations/Unarmed/RPG-Character@Unarmed-Knockback-Back2.FBX using Guid(00da53bccc2999e4f82c7868a620854c) Importer(815301076,1909f56bfc062723c751e8b465ee728b)  -> (artifact id: '246240a8a349137486b3aafc53f62d8c') in 0.011867 seconds 
========================================================================
Received Import Request.
  Time since last request: 0.000174 seconds.
  path: Assets/ExplosiveLLC/RPG Character Mecanim Animation Pack FREE/Animations/Unarmed/RPG-Character@Unarmed-Knockdown1.FBX
  artifactKey: Guid(7f0b16d67db4d0349993822251b989b3) Importer(815301076,1909f56bfc062723c751e8b465ee728b)
Start importing Assets/ExplosiveLLC/RPG Character Mecanim Animation Pack FREE/Animations/Unarmed/RPG-Character@Unarmed-Knockdown1.FBX using Guid(7f0b16d67db4d0349993822251b989b3) Importer(815301076,1909f56bfc062723c751e8b465ee728b)  -> (artifact id: 'bd03455576e48b134a752e545db6dcf2') in 0.011851 seconds 
========================================================================
Received Import Request.
  Time since last request: 0.000201 seconds.
  path: Assets/ExplosiveLLC/RPG Character Mecanim Animation Pack FREE/Animations/Unarmed/RPG-Character@Unarmed-Run-Backward-Left.FBX
  artifactKey: Guid(3ad1df7d2c4cd6546b760c44f86275e8) Importer(815301076,1909f56bfc062723c751e8b465ee728b)
Start importing Assets/ExplosiveLLC/RPG Character Mecanim Animation Pack FREE/Animations/Unarmed/RPG-Character@Unarmed-Run-Backward-Left.FBX using Guid(3ad1df7d2c4cd6546b760c44f86275e8) Importer(815301076,1909f56bfc062723c751e8b465ee728b)  -> (artifact id: 'a257e1c63223644b9d1122cbb2c9b016') in 0.011372 seconds 
========================================================================
Received Import Request.
  Time since last request: 0.000266 seconds.
  path: Assets/ExplosiveLLC/RPG Character Mecanim Animation Pack FREE/Animations/Unarmed/RPG-Character@Unarmed-Run-Backward.FBX
  artifactKey: Guid(554523467ee8d4b4ea1722aed5070b8a) Importer(815301076,1909f56bfc062723c751e8b465ee728b)
Start importing Assets/ExplosiveLLC/RPG Character Mecanim Animation Pack FREE/Animations/Unarmed/RPG-Character@Unarmed-Run-Backward.FBX using Guid(554523467ee8d4b4ea1722aed5070b8a) Importer(815301076,1909f56bfc062723c751e8b465ee728b)  -> (artifact id: 'd766c0016aff4dd9197a39210b1e734c') in 0.012501 seconds 
========================================================================
Received Import Request.
  Time since last request: 0.000197 seconds.
  path: Assets/ExplosiveLLC/RPG Character Mecanim Animation Pack FREE/Animations/Unarmed/RPG-Character@Unarmed-Jump.FBX
  artifactKey: Guid(39c1e8b66fab3ba418b191caaf714f42) Importer(815301076,1909f56bfc062723c751e8b465ee728b)
Start importing Assets/ExplosiveLLC/RPG Character Mecanim Animation Pack FREE/Animations/Unarmed/RPG-Character@Unarmed-Jump.FBX using Guid(39c1e8b66fab3ba418b191caaf714f42) Importer(815301076,1909f56bfc062723c751e8b465ee728b)  -> (artifact id: 'b003897d13eecf43665c4d2fea98a655') in 0.011701 seconds 
========================================================================
Received Import Request.
  Time since last request: 0.000251 seconds.
  path: Assets/ExplosiveLLC/RPG Character Mecanim Animation Pack FREE/Animations/Unarmed/RPG-Character@Unarmed-Knockback-Back1.FBX
  artifactKey: Guid(8a97945fe1c9ff84f9f9a4369d5c4a74) Importer(815301076,1909f56bfc062723c751e8b465ee728b)
Start importing Assets/ExplosiveLLC/RPG Character Mecanim Animation Pack FREE/Animations/Unarmed/RPG-Character@Unarmed-Knockback-Back1.FBX using Guid(8a97945fe1c9ff84f9f9a4369d5c4a74) Importer(815301076,1909f56bfc062723c751e8b465ee728b)  -> (artifact id: '1046dbc36a9a7fd99bdee4ef6f1fe00b') in 0.011238 seconds 
========================================================================
Received Prepare
Registering precompiled user dll's ...
Registered in 0.003053 seconds.
Begin MonoManager ReloadAssembly
Native extension for WindowsStandalone target not found
Refreshing native plugins compatible for Editor in 0.32 ms, found 2 plugins.
Preloading 0 native plugins for Editor in 0.00 ms.
Mono: successfully reloaded assembly
- Completed reload, in  0.915 seconds
Domain Reload Profiling:
	ReloadAssembly (916ms)
		BeginReloadAssembly (105ms)
			ExecutionOrderSort (0ms)
			DisableScriptedObjects (4ms)
			BackupInstance (0ms)
			ReleaseScriptingObjects (0ms)
			CreateAndSetChildDomain (27ms)
		EndReloadAssembly (749ms)
			LoadAssemblies (87ms)
			RebuildTransferFunctionScriptingTraits (0ms)
			SetupTypeCache (241ms)
			ReleaseScriptCaches (1ms)
			RebuildScriptCaches (41ms)
			SetupLoadedEditorAssemblies (293ms)
				LogAssemblyErrors (0ms)
				InitializePlatformSupportModulesInManaged (5ms)
				SetLoadedEditorAssemblies (1ms)
				RefreshPlugins (0ms)
				BeforeProcessingInitializeOnLoad (78ms)
				ProcessInitializeOnLoadAttributes (193ms)
				ProcessInitializeOnLoadMethodAttributes (9ms)
				AfterProcessingInitializeOnLoad (7ms)
				EditorAssembliesLoaded (0ms)
			ExecutionOrderSort2 (0ms)
			AwakeInstancesAfterBackupRestoration (7ms)
Platform modules already initialized, skipping
Refreshing native plugins compatible for Editor in 0.36 ms, found 2 plugins.
Preloading 0 native plugins for Editor in 0.00 ms.
Unloading 1571 Unused Serialized files (Serialized files now loaded: 0)
System memory in use before: 92.1 MB.
System memory in use after: 92.2 MB.

Unloading 12 unused Assets to reduce memory usage. Loaded Objects now: 2085.
Total: 2.592500 ms (FindLiveObjects: 0.123100 ms CreateObjectMapping: 0.042700 ms MarkObjects: 2.403300 ms  DeleteObjects: 0.022800 ms)

AssetImportParameters requested are different than current active one (requested -> active):
  custom:framework-win-MediaFoundation: 216162199b28c13a410421893ffa2e32 -> 
  custom:video-decoder-ogg-theora: a1e56fd34408186e4bbccfd4996cb3dc -> 
  custom:container-muxer-webm: aa71ff27fc2769a1b78a27578f13a17b -> 
  custom:container-demuxer-webm: 4f35f7cbe854078d1ac9338744f61a02 -> 
  custom:container-demuxer-ogg: 62fdf1f143b41e24485cea50d1cbac27 -> 
  custom:video-encoder-webm-vp8: eb34c28f22e8b96e1ab97ce403110664 -> 
  custom:video-decoder-webm-vp8: 9c59270c3fd7afecdb556c50c9e8de78 -> 
  custom:audio-decoder-ogg-vorbis: bf7c407c2cedff20999df2af8eb42d56 -> 
  custom:audio-encoder-webm-vorbis: bf7c407c2cedff20999df2af8eb42d56 -> 
========================================================================
Received Prepare
Registering precompiled user dll's ...
Registered in 0.002826 seconds.
Begin MonoManager ReloadAssembly
Native extension for WindowsStandalone target not found
Refreshing native plugins compatible for Editor in 0.31 ms, found 2 plugins.
Preloading 0 native plugins for Editor in 0.00 ms.
Mono: successfully reloaded assembly
- Completed reload, in  0.883 seconds
Domain Reload Profiling:
	ReloadAssembly (883ms)
		BeginReloadAssembly (104ms)
			ExecutionOrderSort (0ms)
			DisableScriptedObjects (5ms)
			BackupInstance (0ms)
			ReleaseScriptingObjects (0ms)
			CreateAndSetChildDomain (25ms)
		EndReloadAssembly (724ms)
			LoadAssemblies (85ms)
			RebuildTransferFunctionScriptingTraits (0ms)
			SetupTypeCache (236ms)
			ReleaseScriptCaches (1ms)
			RebuildScriptCaches (41ms)
			SetupLoadedEditorAssemblies (282ms)
				LogAssemblyErrors (0ms)
				InitializePlatformSupportModulesInManaged (5ms)
				SetLoadedEditorAssemblies (0ms)
				RefreshPlugins (0ms)
				BeforeProcessingInitializeOnLoad (73ms)
				ProcessInitializeOnLoadAttributes (188ms)
				ProcessInitializeOnLoadMethodAttributes (9ms)
				AfterProcessingInitializeOnLoad (7ms)
				EditorAssembliesLoaded (0ms)
			ExecutionOrderSort2 (0ms)
			AwakeInstancesAfterBackupRestoration (6ms)
Platform modules already initialized, skipping
Refreshing native plugins compatible for Editor in 0.32 ms, found 2 plugins.
Preloading 0 native plugins for Editor in 0.00 ms.
Unloading 1571 Unused Serialized files (Serialized files now loaded: 0)
System memory in use before: 92.1 MB.
System memory in use after: 92.2 MB.

Unloading 11 unused Assets to reduce memory usage. Loaded Objects now: 2088.
Total: 2.345600 ms (FindLiveObjects: 0.109200 ms CreateObjectMapping: 0.041500 ms MarkObjects: 2.177200 ms  DeleteObjects: 0.017200 ms)

AssetImportParameters requested are different than current active one (requested -> active):
  custom:framework-win-MediaFoundation: 216162199b28c13a410421893ffa2e32 -> 
  custom:video-decoder-ogg-theora: a1e56fd34408186e4bbccfd4996cb3dc -> 
  custom:container-muxer-webm: aa71ff27fc2769a1b78a27578f13a17b -> 
  custom:container-demuxer-webm: 4f35f7cbe854078d1ac9338744f61a02 -> 
  custom:container-demuxer-ogg: 62fdf1f143b41e24485cea50d1cbac27 -> 
  custom:video-encoder-webm-vp8: eb34c28f22e8b96e1ab97ce403110664 -> 
  custom:video-decoder-webm-vp8: 9c59270c3fd7afecdb556c50c9e8de78 -> 
  custom:audio-decoder-ogg-vorbis: bf7c407c2cedff20999df2af8eb42d56 -> 
  custom:audio-encoder-webm-vorbis: bf7c407c2cedff20999df2af8eb42d56 -> 
AssetImportWorkerClient::OnTransportError - code=2 error=End of file
